ARM GAS  C:\Users\crazy\AppData\Local\Temp\ccYbvRso.s 			page 1


   1              		.syntax unified
   2              		.cpu cortex-m0
   3              		.fpu softvfp
   4              		.eabi_attribute 20, 1
   5              		.eabi_attribute 21, 1
   6              		.eabi_attribute 23, 3
   7              		.eabi_attribute 24, 1
   8              		.eabi_attribute 25, 1
   9              		.eabi_attribute 26, 1
  10              		.eabi_attribute 30, 6
  11              		.eabi_attribute 34, 0
  12              		.eabi_attribute 18, 4
  13              		.thumb
  14              		.syntax unified
  15              		.file	"EventHandler.c"
  16              		.text
  17              	.Ltext0:
  18              		.cfi_sections	.debug_frame
  19              		.comm	deviceConnected,1,1
  20              		.comm	connHandle,2,4
  21              		.comm	wrReqParam,4,4
  22              		.section	.rodata
  23              		.align	2
  24              	.LC1:
  25 0000 4379536D 		.ascii	"CySmartDisplay Server ON\015\000"
  25      61727444 
  25      6973706C 
  25      61792053 
  25      65727665 
  26 001a 0000     		.align	2
  27              	.LC3:
  28 001c 53746172 		.ascii	"Starting Advertisement Failed; Status = 0x%x \015\012"
  28      74696E67 
  28      20416476 
  28      65727469 
  28      73656D65 
  29 004b 00       		.ascii	"\000"
  30              		.align	2
  31              	.LC5:
  32 004c 53746172 		.ascii	"Starting to advertise\015\000"
  32      74696E67 
  32      20746F20 
  32      61647665 
  32      72746973 
  33 0063 00       		.align	2
  34              	.LC7:
  35 0064 436F6E6E 		.ascii	"Connection Time Out\015\000"
  35      65637469 
  35      6F6E2054 
  35      696D6520 
  35      4F75740D 
  36 0079 000000   		.align	2
  37              	.LC9:
  38 007c 0D00     		.ascii	"\015\000"
  39 007e 0000     		.align	2
  40              	.LC12:
  41 0080 41647665 		.ascii	"Advertisement is disabled\015\000"
ARM GAS  C:\Users\crazy\AppData\Local\Temp\ccYbvRso.s 			page 2


  41      72746973 
  41      656D656E 
  41      74206973 
  41      20646973 
  42 009b 00       		.align	2
  43              	.LC14:
  44 009c 52657374 		.ascii	"Restarting Slow Advertisement Failed; Status = 0x%x"
  44      61727469 
  44      6E672053 
  44      6C6F7720 
  44      41647665 
  45 00cf 00       		.ascii	"\000"
  46              		.align	2
  47              	.LC16:
  48 00d0 52657374 		.ascii	"Restarting slow advertisement after total timeout\015"
  48      61727469 
  48      6E672073 
  48      6C6F7720 
  48      61647665 
  49 0102 00       		.ascii	"\000"
  50 0103 00       		.align	2
  51              	.LC18:
  52 0104 41647665 		.ascii	"Advertisement is enabled \015\000"
  52      72746973 
  52      656D656E 
  52      74206973 
  52      20656E61 
  53 011f 00       		.align	2
  54              	.LC20:
  55 0120 44657669 		.ascii	"Device Connected\015\000"
  55      63652043 
  55      6F6E6E65 
  55      63746564 
  55      0D00
  56 0132 0000     		.align	2
  57              	.LC23:
  58 0134 44657669 		.ascii	"Device Disconnected\015\000"
  58      63652044 
  58      6973636F 
  58      6E6E6563 
  58      7465640D 
  59 0149 000000   		.align	2
  60              	.LC26:
  61 014c 52657374 		.ascii	"Restarting Advertisement Failed; Status = 0x%x\000"
  61      61727469 
  61      6E672041 
  61      64766572 
  61      74697365 
  62 017b 00       		.align	2
  63              	.LC28:
  64 017c 52657374 		.ascii	"Restarting advertisement after device disconnect\015"
  64      61727469 
  64      6E672061 
  64      64766572 
  64      74697365 
  65 01ad 00       		.ascii	"\000"
  66 01ae 0000     		.align	2
ARM GAS  C:\Users\crazy\AppData\Local\Temp\ccYbvRso.s 			page 3


  67              	.LC31:
  68 01b0 436F6D6D 		.ascii	"Command from Client\015\000"
  68      616E6420 
  68      66726F6D 
  68      20436C69 
  68      656E740D 
  69              		.section	.text.StackEventHandler,"ax",%progbits
  70              		.align	2
  71              		.global	StackEventHandler
  72              		.code	16
  73              		.thumb_func
  74              		.type	StackEventHandler, %function
  75              	StackEventHandler:
  76              	.LFB36:
  77              		.file 1 "EventHandler.c"
   1:EventHandler.c **** /* ========================================
   2:EventHandler.c ****  *
   3:EventHandler.c ****  * Copyright YOUR COMPANY, THE YEAR
   4:EventHandler.c ****  * All Rights Reserved
   5:EventHandler.c ****  * UNPUBLISHED, LICENSED SOFTWARE.
   6:EventHandler.c ****  *
   7:EventHandler.c ****  * CONFIDENTIAL AND PROPRIETARY INFORMATION
   8:EventHandler.c ****  * WHICH IS THE PROPERTY OF your company.
   9:EventHandler.c ****  *
  10:EventHandler.c ****  * ========================================
  11:EventHandler.c **** */
  12:EventHandler.c **** #include <main.h>
  13:EventHandler.c **** 
  14:EventHandler.c **** CYBLE_CONN_HANDLE_T connHandle;
  15:EventHandler.c **** CYBLE_GATTS_WRITE_REQ_PARAM_T *wrReqParam;
  16:EventHandler.c **** 
  17:EventHandler.c **** void UpdateCharacteristics(void);
  18:EventHandler.c **** 
  19:EventHandler.c **** /*******************************************************************************
  20:EventHandler.c **** * Function Name: StackEventHandler
  21:EventHandler.c **** ********************************************************************************
  22:EventHandler.c **** *
  23:EventHandler.c **** * Summary:
  24:EventHandler.c **** *  This is an event callback function to receive events from the CYBLE Component.
  25:EventHandler.c **** *
  26:EventHandler.c **** * Parameters:
  27:EventHandler.c **** *  uint8 event:       Event from the CYBLE component.
  28:EventHandler.c **** *  void* eventParams: A structure instance for corresponding event type. The
  29:EventHandler.c **** *                     list of event structure is described in the component
  30:EventHandler.c **** *                     datasheet.
  31:EventHandler.c **** *
  32:EventHandler.c **** * Return:
  33:EventHandler.c **** *  None
  34:EventHandler.c **** *
  35:EventHandler.c **** *******************************************************************************/
  36:EventHandler.c **** void StackEventHandler(uint32 event, void *eventParam)
  37:EventHandler.c **** {
  78              		.loc 1 37 0
  79              		.cfi_startproc
  80              		@ args = 0, pretend = 0, frame = 16
  81              		@ frame_needed = 1, uses_anonymous_args = 0
  82 0000 90B5     		push	{r4, r7, lr}
ARM GAS  C:\Users\crazy\AppData\Local\Temp\ccYbvRso.s 			page 4


  83              		.cfi_def_cfa_offset 12
  84              		.cfi_offset 4, -12
  85              		.cfi_offset 7, -8
  86              		.cfi_offset 14, -4
  87 0002 85B0     		sub	sp, sp, #20
  88              		.cfi_def_cfa_offset 32
  89 0004 00AF     		add	r7, sp, #0
  90              		.cfi_def_cfa_register 7
  91 0006 7860     		str	r0, [r7, #4]
  92 0008 3960     		str	r1, [r7]
  38:EventHandler.c ****     CYBLE_API_RESULT_T apiResult = CYBLE_ERROR_OK;
  93              		.loc 1 38 0
  94 000a 0E23     		movs	r3, #14
  95 000c FB18     		adds	r3, r7, r3
  96 000e 0022     		movs	r2, #0
  97 0010 1A80     		strh	r2, [r3]
  39:EventHandler.c ****     
  40:EventHandler.c ****     switch(event)
  98              		.loc 1 40 0
  99 0012 7B68     		ldr	r3, [r7, #4]
 100 0014 4C2B     		cmp	r3, #76
 101 0016 00D9     		bls	.LCB21
 102 0018 FBE0     		b	.L24	@long jump
 103              	.LCB21:
 104 001a 7B68     		ldr	r3, [r7, #4]
 105 001c 9A00     		lsls	r2, r3, #2
 106 001e 7F4B     		ldr	r3, .L25
 107 0020 D318     		adds	r3, r2, r3
 108 0022 1B68     		ldr	r3, [r3]
 109 0024 9F46     		mov	pc, r3
 110              		.section	.rodata
 111 01c5 000000   		.align	2
 112              	.L4:
 113 01c8 12020000 		.word	.L24
 114 01cc 26000000 		.word	.L3
 115 01d0 54000000 		.word	.L5
 116 01d4 12020000 		.word	.L24
 117 01d8 12020000 		.word	.L24
 118 01dc 12020000 		.word	.L24
 119 01e0 12020000 		.word	.L24
 120 01e4 12020000 		.word	.L24
 121 01e8 12020000 		.word	.L24
 122 01ec 12020000 		.word	.L24
 123 01f0 12020000 		.word	.L24
 124 01f4 12020000 		.word	.L24
 125 01f8 12020000 		.word	.L24
 126 01fc 12020000 		.word	.L24
 127 0200 12020000 		.word	.L24
 128 0204 12020000 		.word	.L24
 129 0208 12020000 		.word	.L24
 130 020c 12020000 		.word	.L24
 131 0210 12020000 		.word	.L24
 132 0214 12020000 		.word	.L24
 133 0218 12020000 		.word	.L24
 134 021c 12020000 		.word	.L24
 135 0220 12020000 		.word	.L24
 136 0224 12020000 		.word	.L24
ARM GAS  C:\Users\crazy\AppData\Local\Temp\ccYbvRso.s 			page 5


 137 0228 12020000 		.word	.L24
 138 022c 12020000 		.word	.L24
 139 0230 12020000 		.word	.L24
 140 0234 12020000 		.word	.L24
 141 0238 12020000 		.word	.L24
 142 023c 12020000 		.word	.L24
 143 0240 12020000 		.word	.L24
 144 0244 12020000 		.word	.L24
 145 0248 12020000 		.word	.L24
 146 024c 12020000 		.word	.L24
 147 0250 12020000 		.word	.L24
 148 0254 12020000 		.word	.L24
 149 0258 12020000 		.word	.L24
 150 025c 12020000 		.word	.L24
 151 0260 5E000000 		.word	.L6
 152 0264 D8000000 		.word	.L7
 153 0268 16010000 		.word	.L8
 154 026c 12020000 		.word	.L24
 155 0270 12020000 		.word	.L24
 156 0274 12020000 		.word	.L24
 157 0278 12020000 		.word	.L24
 158 027c 12020000 		.word	.L24
 159 0280 12020000 		.word	.L24
 160 0284 12020000 		.word	.L24
 161 0288 12020000 		.word	.L24
 162 028c 12020000 		.word	.L24
 163 0290 12020000 		.word	.L24
 164 0294 12020000 		.word	.L24
 165 0298 12020000 		.word	.L24
 166 029c 12020000 		.word	.L24
 167 02a0 12020000 		.word	.L24
 168 02a4 12020000 		.word	.L24
 169 02a8 12020000 		.word	.L24
 170 02ac 12020000 		.word	.L24
 171 02b0 12020000 		.word	.L24
 172 02b4 12020000 		.word	.L24
 173 02b8 12020000 		.word	.L24
 174 02bc 12020000 		.word	.L24
 175 02c0 12020000 		.word	.L24
 176 02c4 12020000 		.word	.L24
 177 02c8 12020000 		.word	.L24
 178 02cc 72010000 		.word	.L9
 179 02d0 8A010000 		.word	.L10
 180 02d4 12020000 		.word	.L24
 181 02d8 12020000 		.word	.L24
 182 02dc 12020000 		.word	.L24
 183 02e0 12020000 		.word	.L24
 184 02e4 12020000 		.word	.L24
 185 02e8 12020000 		.word	.L24
 186 02ec 12020000 		.word	.L24
 187 02f0 12020000 		.word	.L24
 188 02f4 12020000 		.word	.L24
 189 02f8 92010000 		.word	.L11
 190              		.section	.text.StackEventHandler
 191              	.L3:
  41:EventHandler.c ****     {
  42:EventHandler.c ****     /**********************************************************
ARM GAS  C:\Users\crazy\AppData\Local\Temp\ccYbvRso.s 			page 6


  43:EventHandler.c ****     *                       General Events
  44:EventHandler.c ****     ***********************************************************/
  45:EventHandler.c ****         case CYBLE_EVT_STACK_ON: /* Generated when BLE component is started */
  46:EventHandler.c ****             printf ("CySmartDisplay Server ON\r\n");
 192              		.loc 1 46 0
 193 0026 7E4B     		ldr	r3, .L25+4
 194 0028 1800     		movs	r0, r3
 195 002a FFF7FEFF 		bl	puts
  47:EventHandler.c ****             
  48:EventHandler.c ****             /* Starting advertisement */
  49:EventHandler.c ****             if(!(CYBLE_ERROR_OK == CyBle_GappStartAdvertisement(CYBLE_ADVERTISING_FAST)))
 196              		.loc 1 49 0
 197 002e 0020     		movs	r0, #0
 198 0030 FFF7FEFF 		bl	CyBle_GappStartAdvertisement
 199 0034 031E     		subs	r3, r0, #0
 200 0036 08D0     		beq	.L12
  50:EventHandler.c ****             {
  51:EventHandler.c ****                 printf ("Starting Advertisement Failed; Status = 0x%x \r\n", apiResult);
 201              		.loc 1 51 0
 202 0038 0E23     		movs	r3, #14
 203 003a FB18     		adds	r3, r7, r3
 204 003c 1A88     		ldrh	r2, [r3]
 205 003e 794B     		ldr	r3, .L25+8
 206 0040 1100     		movs	r1, r2
 207 0042 1800     		movs	r0, r3
 208 0044 FFF7FEFF 		bl	printf
  52:EventHandler.c ****             }
  53:EventHandler.c ****             else
  54:EventHandler.c ****             {
  55:EventHandler.c ****                 printf ("Starting to advertise\r\n");
  56:EventHandler.c ****             }
  57:EventHandler.c ****             break;
 209              		.loc 1 57 0
 210 0048 E4E0     		b	.L14
 211              	.L12:
  55:EventHandler.c ****             }
 212              		.loc 1 55 0
 213 004a 774B     		ldr	r3, .L25+12
 214 004c 1800     		movs	r0, r3
 215 004e FFF7FEFF 		bl	puts
 216              		.loc 1 57 0
 217 0052 DFE0     		b	.L14
 218              	.L5:
  58:EventHandler.c **** 
  59:EventHandler.c ****             
  60:EventHandler.c ****         case CYBLE_EVT_TIMEOUT: /* Generated when the connection timesout */
  61:EventHandler.c ****             printf("Connection Time Out\r\n");
 219              		.loc 1 61 0
 220 0054 754B     		ldr	r3, .L25+16
 221 0056 1800     		movs	r0, r3
 222 0058 FFF7FEFF 		bl	puts
  62:EventHandler.c ****             break;    
 223              		.loc 1 62 0
 224 005c DAE0     		b	.L14
 225              	.L6:
  63:EventHandler.c **** 
  64:EventHandler.c ****             
ARM GAS  C:\Users\crazy\AppData\Local\Temp\ccYbvRso.s 			page 7


  65:EventHandler.c ****     /**********************************************************
  66:EventHandler.c ****     *                       GAP Events
  67:EventHandler.c ****     ***********************************************************/
  68:EventHandler.c ****         case CYBLE_EVT_GAPP_ADVERTISEMENT_START_STOP: // Generated when advertisement is Started or
  69:EventHandler.c ****             printf("\r\n");
 226              		.loc 1 69 0
 227 005e 744B     		ldr	r3, .L25+20
 228 0060 1800     		movs	r0, r3
 229 0062 FFF7FEFF 		bl	puts
  70:EventHandler.c ****             if (CyBle_GetState() != CYBLE_STATE_ADVERTISING)
 230              		.loc 1 70 0
 231 0066 734B     		ldr	r3, .L25+24
 232 0068 1B78     		ldrb	r3, [r3]
 233 006a 032B     		cmp	r3, #3
 234 006c 26D0     		beq	.L15
  71:EventHandler.c ****                 {
  72:EventHandler.c ****                     /*SLOW Advertising Timeout. Stack disables Advertising.*/
  73:EventHandler.c ****                     RED_LED_ON();
 235              		.loc 1 73 0
 236 006e 0020     		movs	r0, #0
 237 0070 FFF7FEFF 		bl	RED_LED_Write
 238 0074 0120     		movs	r0, #1
 239 0076 FFF7FEFF 		bl	GREEN_LED_Write
 240 007a 0120     		movs	r0, #1
 241 007c FFF7FEFF 		bl	BLUE_LED_Write
  74:EventHandler.c ****                     printf("Advertisement is disabled\r\n");
 242              		.loc 1 74 0
 243 0080 6D4B     		ldr	r3, .L25+28
 244 0082 1800     		movs	r0, r3
 245 0084 FFF7FEFF 		bl	puts
  75:EventHandler.c ****                     
  76:EventHandler.c ****                     /*Continue SLOW Advertising by enabing it in SLOW mode*/
  77:EventHandler.c ****                     apiResult = CyBle_GappStartAdvertisement(CYBLE_ADVERTISING_SLOW);
 246              		.loc 1 77 0
 247 0088 0E23     		movs	r3, #14
 248 008a FC18     		adds	r4, r7, r3
 249 008c 0120     		movs	r0, #1
 250 008e FFF7FEFF 		bl	CyBle_GappStartAdvertisement
 251 0092 0300     		movs	r3, r0
 252 0094 2380     		strh	r3, [r4]
  78:EventHandler.c ****                     if (apiResult != CYBLE_ERROR_OK)
 253              		.loc 1 78 0
 254 0096 0E23     		movs	r3, #14
 255 0098 FB18     		adds	r3, r7, r3
 256 009a 1B88     		ldrh	r3, [r3]
 257 009c 002B     		cmp	r3, #0
 258 009e 08D0     		beq	.L16
  79:EventHandler.c ****                     {
  80:EventHandler.c ****                         printf ("Restarting Slow Advertisement Failed; Status = 0x%x",apiResult);
 259              		.loc 1 80 0
 260 00a0 0E23     		movs	r3, #14
 261 00a2 FB18     		adds	r3, r7, r3
 262 00a4 1A88     		ldrh	r2, [r3]
 263 00a6 654B     		ldr	r3, .L25+32
 264 00a8 1100     		movs	r1, r2
 265 00aa 1800     		movs	r0, r3
 266 00ac FFF7FEFF 		bl	printf
ARM GAS  C:\Users\crazy\AppData\Local\Temp\ccYbvRso.s 			page 8


  81:EventHandler.c ****                     }
  82:EventHandler.c ****                     else
  83:EventHandler.c ****                     {
  84:EventHandler.c ****                         printf ("Restarting slow advertisement after total timeout\r\n");
  85:EventHandler.c ****                     }
  86:EventHandler.c ****                 }
  87:EventHandler.c ****                 else
  88:EventHandler.c ****                 {
  89:EventHandler.c ****                     GREEN_LED_ON();
  90:EventHandler.c ****                     printf("Advertisement is enabled \r\n");
  91:EventHandler.c ****                     /* Device is now in Advertising state */
  92:EventHandler.c ****                 }
  93:EventHandler.c ****             break;
 267              		.loc 1 93 0
 268 00b0 B0E0     		b	.L14
 269              	.L16:
  84:EventHandler.c ****                     }
 270              		.loc 1 84 0
 271 00b2 634B     		ldr	r3, .L25+36
 272 00b4 1800     		movs	r0, r3
 273 00b6 FFF7FEFF 		bl	puts
 274              		.loc 1 93 0
 275 00ba ABE0     		b	.L14
 276              	.L15:
  89:EventHandler.c ****                     printf("Advertisement is enabled \r\n");
 277              		.loc 1 89 0
 278 00bc 0120     		movs	r0, #1
 279 00be FFF7FEFF 		bl	RED_LED_Write
 280 00c2 0020     		movs	r0, #0
 281 00c4 FFF7FEFF 		bl	GREEN_LED_Write
 282 00c8 0120     		movs	r0, #1
 283 00ca FFF7FEFF 		bl	BLUE_LED_Write
  90:EventHandler.c ****                     /* Device is now in Advertising state */
 284              		.loc 1 90 0
 285 00ce 5D4B     		ldr	r3, .L25+40
 286 00d0 1800     		movs	r0, r3
 287 00d2 FFF7FEFF 		bl	puts
 288              		.loc 1 93 0
 289 00d6 9DE0     		b	.L14
 290              	.L7:
  94:EventHandler.c **** 
  95:EventHandler.c ****                 
  96:EventHandler.c ****         case CYBLE_EVT_GAP_DEVICE_CONNECTED: // Generated when connection is established
  97:EventHandler.c ****             BLUE_LED_ON();
 291              		.loc 1 97 0
 292 00d8 0120     		movs	r0, #1
 293 00da FFF7FEFF 		bl	RED_LED_Write
 294 00de 0120     		movs	r0, #1
 295 00e0 FFF7FEFF 		bl	GREEN_LED_Write
 296 00e4 0020     		movs	r0, #0
 297 00e6 FFF7FEFF 		bl	BLUE_LED_Write
  98:EventHandler.c ****             printf("Device Connected\r\n");
 298              		.loc 1 98 0
 299 00ea 574B     		ldr	r3, .L25+44
 300 00ec 1800     		movs	r0, r3
 301 00ee FFF7FEFF 		bl	puts
  99:EventHandler.c ****             
ARM GAS  C:\Users\crazy\AppData\Local\Temp\ccYbvRso.s 			page 9


 100:EventHandler.c ****             CyBle_GattcExchangeMtuReq(cyBle_connHandle, CYBLE_GATT_MTU);
 302              		.loc 1 100 0
 303 00f2 564B     		ldr	r3, .L25+48
 304 00f4 1A78     		ldrb	r2, [r3]
 305 00f6 5B78     		ldrb	r3, [r3, #1]
 306 00f8 1B02     		lsls	r3, r3, #8
 307 00fa 1A43     		orrs	r2, r3
 308 00fc 0023     		movs	r3, #0
 309 00fe 1204     		lsls	r2, r2, #16
 310 0100 120C     		lsrs	r2, r2, #16
 311 0102 1B0C     		lsrs	r3, r3, #16
 312 0104 1B04     		lsls	r3, r3, #16
 313 0106 1343     		orrs	r3, r2
 314 0108 B721     		movs	r1, #183
 315 010a 1800     		movs	r0, r3
 316 010c FFF7FEFF 		bl	CyBle_GattcExchangeMtuReq
 101:EventHandler.c ****             
 102:EventHandler.c ****             /*Copy the default settings to the GATT Attribute*/
 103:EventHandler.c ****             UpdateCharacteristics();
 317              		.loc 1 103 0
 318 0110 FFF7FEFF 		bl	UpdateCharacteristics
 104:EventHandler.c ****             break;
 319              		.loc 1 104 0
 320 0114 7EE0     		b	.L14
 321              	.L8:
 105:EventHandler.c **** 
 106:EventHandler.c ****                    
 107:EventHandler.c ****         case CYBLE_EVT_GAP_DEVICE_DISCONNECTED: // Generated when connection is disconnected
 108:EventHandler.c ****             RED_LED_ON ();
 322              		.loc 1 108 0
 323 0116 0020     		movs	r0, #0
 324 0118 FFF7FEFF 		bl	RED_LED_Write
 325 011c 0120     		movs	r0, #1
 326 011e FFF7FEFF 		bl	GREEN_LED_Write
 327 0122 0120     		movs	r0, #1
 328 0124 FFF7FEFF 		bl	BLUE_LED_Write
 109:EventHandler.c ****             printf("\r\n");
 329              		.loc 1 109 0
 330 0128 414B     		ldr	r3, .L25+20
 331 012a 1800     		movs	r0, r3
 332 012c FFF7FEFF 		bl	puts
 110:EventHandler.c ****             printf("Device Disconnected\r\n");
 333              		.loc 1 110 0
 334 0130 474B     		ldr	r3, .L25+52
 335 0132 1800     		movs	r0, r3
 336 0134 FFF7FEFF 		bl	puts
 111:EventHandler.c ****             connHandle.bdHandle = 0;
 337              		.loc 1 111 0
 338 0138 464B     		ldr	r3, .L25+56
 339 013a 0022     		movs	r2, #0
 340 013c 1A70     		strb	r2, [r3]
 112:EventHandler.c ****             apiResult = CyBle_GappStartAdvertisement(CYBLE_ADVERTISING_FAST);
 341              		.loc 1 112 0
 342 013e 0E23     		movs	r3, #14
 343 0140 FC18     		adds	r4, r7, r3
 344 0142 0020     		movs	r0, #0
 345 0144 FFF7FEFF 		bl	CyBle_GappStartAdvertisement
ARM GAS  C:\Users\crazy\AppData\Local\Temp\ccYbvRso.s 			page 10


 346 0148 0300     		movs	r3, r0
 347 014a 2380     		strh	r3, [r4]
 113:EventHandler.c ****             if (apiResult != CYBLE_ERROR_OK)
 348              		.loc 1 113 0
 349 014c 0E23     		movs	r3, #14
 350 014e FB18     		adds	r3, r7, r3
 351 0150 1B88     		ldrh	r3, [r3]
 352 0152 002B     		cmp	r3, #0
 353 0154 08D0     		beq	.L19
 114:EventHandler.c ****             {
 115:EventHandler.c ****                 printf ("Restarting Advertisement Failed; Status = 0x%x",apiResult);
 354              		.loc 1 115 0
 355 0156 0E23     		movs	r3, #14
 356 0158 FB18     		adds	r3, r7, r3
 357 015a 1A88     		ldrh	r2, [r3]
 358 015c 3E4B     		ldr	r3, .L25+60
 359 015e 1100     		movs	r1, r2
 360 0160 1800     		movs	r0, r3
 361 0162 FFF7FEFF 		bl	printf
 116:EventHandler.c ****             }
 117:EventHandler.c ****             else
 118:EventHandler.c ****             {
 119:EventHandler.c ****                 printf ("Restarting advertisement after device disconnect\r\n");
 120:EventHandler.c ****             }
 121:EventHandler.c ****             break;
 362              		.loc 1 121 0
 363 0166 55E0     		b	.L14
 364              	.L19:
 119:EventHandler.c ****             }
 365              		.loc 1 119 0
 366 0168 3C4B     		ldr	r3, .L25+64
 367 016a 1800     		movs	r0, r3
 368 016c FFF7FEFF 		bl	puts
 369              		.loc 1 121 0
 370 0170 50E0     		b	.L14
 371              	.L9:
 122:EventHandler.c ****             
 123:EventHandler.c ****     /**********************************************************
 124:EventHandler.c ****     *                       GATT Events
 125:EventHandler.c ****     ***********************************************************/
 126:EventHandler.c ****         case CYBLE_EVT_GATT_CONNECT_IND: // Generated at GATT connection
 127:EventHandler.c ****             connHandle = *(CYBLE_CONN_HANDLE_T *)eventParam;
 372              		.loc 1 127 0
 373 0172 384A     		ldr	r2, .L25+56
 374 0174 3B68     		ldr	r3, [r7]
 375 0176 1000     		movs	r0, r2
 376 0178 1900     		movs	r1, r3
 377 017a 0223     		movs	r3, #2
 378 017c 1A00     		movs	r2, r3
 379 017e FFF7FEFF 		bl	memcpy
 128:EventHandler.c ****             deviceConnected = TRUE;
 380              		.loc 1 128 0
 381 0182 374B     		ldr	r3, .L25+68
 382 0184 0122     		movs	r2, #1
 383 0186 1A70     		strb	r2, [r3]
 129:EventHandler.c ****             break;
 384              		.loc 1 129 0
ARM GAS  C:\Users\crazy\AppData\Local\Temp\ccYbvRso.s 			page 11


 385 0188 44E0     		b	.L14
 386              	.L10:
 130:EventHandler.c **** 
 131:EventHandler.c ****         
 132:EventHandler.c ****         case CYBLE_EVT_GATT_DISCONNECT_IND: // Generated at GATT disconnection
 133:EventHandler.c ****             deviceConnected = FALSE;
 387              		.loc 1 133 0
 388 018a 354B     		ldr	r3, .L25+68
 389 018c 0022     		movs	r2, #0
 390 018e 1A70     		strb	r2, [r3]
 134:EventHandler.c ****             break;
 391              		.loc 1 134 0
 392 0190 40E0     		b	.L14
 393              	.L11:
 135:EventHandler.c ****             
 136:EventHandler.c ****             
 137:EventHandler.c ****         case CYBLE_EVT_GATTS_WRITE_REQ: // Generated when the connected Central device sends a writ
 138:EventHandler.c **** 			printf("Command from Client\r\n");
 394              		.loc 1 138 0
 395 0192 344B     		ldr	r3, .L25+72
 396 0194 1800     		movs	r0, r3
 397 0196 FFF7FEFF 		bl	puts
 139:EventHandler.c ****             /* Extract the Write data sent by Client */
 140:EventHandler.c ****             wrReqParam = (CYBLE_GATTS_WRITE_REQ_PARAM_T *) eventParam;
 398              		.loc 1 140 0
 399 019a 334B     		ldr	r3, .L25+76
 400 019c 3A68     		ldr	r2, [r7]
 401 019e 1A60     		str	r2, [r3]
 141:EventHandler.c **** 			
 142:EventHandler.c **** 			/*If the attribute handle of the characteristic written to is equal to that of 
 143:EventHandler.c **** 			* the characteristic, then extract the data */
 144:EventHandler.c **** 			if(CYBLE_MESSAGE_MESSAGE_CONTROL_CHAR_HANDLE == wrReqParam->handleValPair.attrHandle)
 402              		.loc 1 144 0
 403 01a0 314B     		ldr	r3, .L25+76
 404 01a2 1B68     		ldr	r3, [r3]
 405 01a4 9B89     		ldrh	r3, [r3, #12]
 406 01a6 0E2B     		cmp	r3, #14
 407 01a8 0AD1     		bne	.L21
 145:EventHandler.c ****             {
 146:EventHandler.c **** 				/*Start displaying the new message*/
 147:EventHandler.c ****                 DisplayMessage((char *)wrReqParam->handleValPair.value.val, (uint8)wrReqParam->hand
 408              		.loc 1 147 0
 409 01aa 2F4B     		ldr	r3, .L25+76
 410 01ac 1B68     		ldr	r3, [r3]
 411 01ae 5A68     		ldr	r2, [r3, #4]
 412 01b0 2D4B     		ldr	r3, .L25+76
 413 01b2 1B68     		ldr	r3, [r3]
 414 01b4 1B89     		ldrh	r3, [r3, #8]
 415 01b6 DBB2     		uxtb	r3, r3
 416 01b8 1900     		movs	r1, r3
 417 01ba 1000     		movs	r0, r2
 418 01bc FFF7FEFF 		bl	DisplayMessage
 419              	.L21:
 148:EventHandler.c ****             }
 149:EventHandler.c ****             
 150:EventHandler.c ****             if(CYBLE_MESSAGE_BRIGHTNESS_CONTROL_CHAR_HANDLE == wrReqParam->handleValPair.attrHandle
 420              		.loc 1 150 0
ARM GAS  C:\Users\crazy\AppData\Local\Temp\ccYbvRso.s 			page 12


 421 01c0 294B     		ldr	r3, .L25+76
 422 01c2 1B68     		ldr	r3, [r3]
 423 01c4 9B89     		ldrh	r3, [r3, #12]
 424 01c6 122B     		cmp	r3, #18
 425 01c8 06D1     		bne	.L22
 151:EventHandler.c ****             {
 152:EventHandler.c **** 				/*Change the brightness*/
 153:EventHandler.c ****                 DisplayBrightness(wrReqParam->handleValPair.value.val[0]);
 426              		.loc 1 153 0
 427 01ca 274B     		ldr	r3, .L25+76
 428 01cc 1B68     		ldr	r3, [r3]
 429 01ce 5B68     		ldr	r3, [r3, #4]
 430 01d0 1B78     		ldrb	r3, [r3]
 431 01d2 1800     		movs	r0, r3
 432 01d4 FFF7FEFF 		bl	DisplayBrightness
 433              	.L22:
 154:EventHandler.c ****             }
 155:EventHandler.c ****             
 156:EventHandler.c ****             if(CYBLE_MESSAGE_SPEED_CONTROL_CHAR_HANDLE == wrReqParam->handleValPair.attrHandle)
 434              		.loc 1 156 0
 435 01d8 234B     		ldr	r3, .L25+76
 436 01da 1B68     		ldr	r3, [r3]
 437 01dc 9B89     		ldrh	r3, [r3, #12]
 438 01de 102B     		cmp	r3, #16
 439 01e0 06D1     		bne	.L23
 157:EventHandler.c ****             {
 158:EventHandler.c **** 				/*Change the speed*/
 159:EventHandler.c ****                 DispaySpeed(wrReqParam->handleValPair.value.val[0]);
 440              		.loc 1 159 0
 441 01e2 214B     		ldr	r3, .L25+76
 442 01e4 1B68     		ldr	r3, [r3]
 443 01e6 5B68     		ldr	r3, [r3, #4]
 444 01e8 1B78     		ldrb	r3, [r3]
 445 01ea 1800     		movs	r0, r3
 446 01ec FFF7FEFF 		bl	DispaySpeed
 447              	.L23:
 160:EventHandler.c ****             }
 161:EventHandler.c ****             
 162:EventHandler.c ****             UpdateCharacteristics();
 448              		.loc 1 162 0
 449 01f0 FFF7FEFF 		bl	UpdateCharacteristics
 163:EventHandler.c **** 			
 164:EventHandler.c **** 			/* Send the response to the write request received. */
 165:EventHandler.c **** 			CyBle_GattsWriteRsp(connHandle);
 450              		.loc 1 165 0
 451 01f4 174B     		ldr	r3, .L25+56
 452 01f6 1A78     		ldrb	r2, [r3]
 453 01f8 5B78     		ldrb	r3, [r3, #1]
 454 01fa 1B02     		lsls	r3, r3, #8
 455 01fc 1A43     		orrs	r2, r3
 456 01fe 0023     		movs	r3, #0
 457 0200 1204     		lsls	r2, r2, #16
 458 0202 120C     		lsrs	r2, r2, #16
 459 0204 1B0C     		lsrs	r3, r3, #16
 460 0206 1B04     		lsls	r3, r3, #16
 461 0208 1343     		orrs	r3, r2
 462 020a 1800     		movs	r0, r3
ARM GAS  C:\Users\crazy\AppData\Local\Temp\ccYbvRso.s 			page 13


 463 020c FFF7FEFF 		bl	CyBle_GattsWriteRsp
 166:EventHandler.c **** 			
 167:EventHandler.c **** 			break;
 464              		.loc 1 167 0
 465 0210 00E0     		b	.L14
 466              	.L24:
 168:EventHandler.c ****             
 169:EventHandler.c ****             
 170:EventHandler.c ****     /**********************************************************
 171:EventHandler.c ****     *                       Other Events
 172:EventHandler.c ****     ***********************************************************/
 173:EventHandler.c ****         default:
 174:EventHandler.c ****             break;
 467              		.loc 1 174 0
 468 0212 C046     		nop
 469              	.L14:
 175:EventHandler.c ****     }
 176:EventHandler.c **** }
 470              		.loc 1 176 0
 471 0214 C046     		nop
 472 0216 BD46     		mov	sp, r7
 473 0218 05B0     		add	sp, sp, #20
 474              		@ sp needed
 475 021a 90BD     		pop	{r4, r7, pc}
 476              	.L26:
 477              		.align	2
 478              	.L25:
 479 021c C8010000 		.word	.L4
 480 0220 00000000 		.word	.LC1
 481 0224 1C000000 		.word	.LC3
 482 0228 4C000000 		.word	.LC5
 483 022c 64000000 		.word	.LC7
 484 0230 7C000000 		.word	.LC9
 485 0234 00000000 		.word	cyBle_state
 486 0238 80000000 		.word	.LC12
 487 023c 9C000000 		.word	.LC14
 488 0240 D0000000 		.word	.LC16
 489 0244 04010000 		.word	.LC18
 490 0248 20010000 		.word	.LC20
 491 024c 00000000 		.word	cyBle_connHandle
 492 0250 34010000 		.word	.LC23
 493 0254 00000000 		.word	connHandle
 494 0258 4C010000 		.word	.LC26
 495 025c 7C010000 		.word	.LC28
 496 0260 00000000 		.word	deviceConnected
 497 0264 B0010000 		.word	.LC31
 498 0268 00000000 		.word	wrReqParam
 499              		.cfi_endproc
 500              	.LFE36:
 501              		.size	StackEventHandler, .-StackEventHandler
 502              		.section	.text.UpdateCharacteristics,"ax",%progbits
 503              		.align	2
 504              		.global	UpdateCharacteristics
 505              		.code	16
 506              		.thumb_func
 507              		.type	UpdateCharacteristics, %function
 508              	UpdateCharacteristics:
ARM GAS  C:\Users\crazy\AppData\Local\Temp\ccYbvRso.s 			page 14


 509              	.LFB37:
 177:EventHandler.c **** 
 178:EventHandler.c **** void UpdateCharacteristics(void)
 179:EventHandler.c **** {
 510              		.loc 1 179 0
 511              		.cfi_startproc
 512              		@ args = 0, pretend = 0, frame = 16
 513              		@ frame_needed = 1, uses_anonymous_args = 0
 514 0000 80B5     		push	{r7, lr}
 515              		.cfi_def_cfa_offset 8
 516              		.cfi_offset 7, -8
 517              		.cfi_offset 14, -4
 518 0002 84B0     		sub	sp, sp, #16
 519              		.cfi_def_cfa_offset 24
 520 0004 00AF     		add	r7, sp, #0
 521              		.cfi_def_cfa_register 7
 180:EventHandler.c ****     /* 'message' stores MESSAGE data parameters */
 181:EventHandler.c ****     CYBLE_GATT_HANDLE_VALUE_PAIR_T		message;
 182:EventHandler.c ****     
 183:EventHandler.c ****     message.attrHandle = CYBLE_MESSAGE_MESSAGE_CONTROL_CHAR_HANDLE;
 522              		.loc 1 183 0
 523 0006 3B1D     		adds	r3, r7, #4
 524 0008 0E22     		movs	r2, #14
 525 000a 1A81     		strh	r2, [r3, #8]
 184:EventHandler.c ****     message.value.val = (uint8 *)buffer;
 526              		.loc 1 184 0
 527 000c 3B1D     		adds	r3, r7, #4
 528 000e 0E4A     		ldr	r2, .L28
 529 0010 1A60     		str	r2, [r3]
 185:EventHandler.c ****     message.value.len = strlen(buffer);
 530              		.loc 1 185 0
 531 0012 0D4B     		ldr	r3, .L28
 532 0014 1800     		movs	r0, r3
 533 0016 FFF7FEFF 		bl	strlen
 534 001a 0300     		movs	r3, r0
 535 001c 9AB2     		uxth	r2, r3
 536 001e 3B1D     		adds	r3, r7, #4
 537 0020 9A80     		strh	r2, [r3, #4]
 186:EventHandler.c ****     message.value.actualLen = strlen(buffer);
 538              		.loc 1 186 0
 539 0022 094B     		ldr	r3, .L28
 540 0024 1800     		movs	r0, r3
 541 0026 FFF7FEFF 		bl	strlen
 542 002a 0300     		movs	r3, r0
 543 002c 9AB2     		uxth	r2, r3
 544 002e 3B1D     		adds	r3, r7, #4
 545 0030 DA80     		strh	r2, [r3, #6]
 187:EventHandler.c ****     
 188:EventHandler.c ****     CyBle_GattsWriteAttributeValue(&message,FALSE,&connHandle,CYBLE_GATT_DB_LOCALLY_INITIATED);
 546              		.loc 1 188 0
 547 0032 064A     		ldr	r2, .L28+4
 548 0034 381D     		adds	r0, r7, #4
 549 0036 0023     		movs	r3, #0
 550 0038 0021     		movs	r1, #0
 551 003a FFF7FEFF 		bl	CyBle_GattsWriteAttributeValue
 189:EventHandler.c **** }
 552              		.loc 1 189 0
ARM GAS  C:\Users\crazy\AppData\Local\Temp\ccYbvRso.s 			page 15


 553 003e C046     		nop
 554 0040 BD46     		mov	sp, r7
 555 0042 04B0     		add	sp, sp, #16
 556              		@ sp needed
 557 0044 80BD     		pop	{r7, pc}
 558              	.L29:
 559 0046 C046     		.align	2
 560              	.L28:
 561 0048 00000000 		.word	buffer
 562 004c 00000000 		.word	connHandle
 563              		.cfi_endproc
 564              	.LFE37:
 565              		.size	UpdateCharacteristics, .-UpdateCharacteristics
 566              		.text
 567              	.Letext0:
 568              		.file 2 "Generated_Source\\PSoC4/cytypes.h"
 569              		.file 3 "Generated_Source\\PSoC4/BLE_Stack.h"
 570              		.file 4 "Generated_Source\\PSoC4/BLE_StackGatt.h"
 571              		.file 5 "Generated_Source\\PSoC4/BLE_StackGattServer.h"
 572              		.file 6 "Generated_Source\\PSoC4/BLE_eventHandler.h"
 573              		.file 7 "./main.h"
 574              		.section	.debug_info,"",%progbits
 575              	.Ldebug_info0:
 576 0000 3D050000 		.4byte	0x53d
 577 0004 0400     		.2byte	0x4
 578 0006 00000000 		.4byte	.Ldebug_abbrev0
 579 000a 04       		.byte	0x4
 580 000b 01       		.uleb128 0x1
 581 000c 89070000 		.4byte	.LASF153
 582 0010 0C       		.byte	0xc
 583 0011 44090000 		.4byte	.LASF154
 584 0015 210B0000 		.4byte	.LASF155
 585 0019 00000000 		.4byte	.Ldebug_ranges0+0
 586 001d 00000000 		.4byte	0
 587 0021 00000000 		.4byte	.Ldebug_line0
 588 0025 02       		.uleb128 0x2
 589 0026 01       		.byte	0x1
 590 0027 06       		.byte	0x6
 591 0028 08030000 		.4byte	.LASF0
 592 002c 02       		.uleb128 0x2
 593 002d 01       		.byte	0x1
 594 002e 08       		.byte	0x8
 595 002f 7C0B0000 		.4byte	.LASF1
 596 0033 02       		.uleb128 0x2
 597 0034 02       		.byte	0x2
 598 0035 05       		.byte	0x5
 599 0036 B50B0000 		.4byte	.LASF2
 600 003a 02       		.uleb128 0x2
 601 003b 02       		.byte	0x2
 602 003c 07       		.byte	0x7
 603 003d 170E0000 		.4byte	.LASF3
 604 0041 02       		.uleb128 0x2
 605 0042 04       		.byte	0x4
 606 0043 05       		.byte	0x5
 607 0044 F4010000 		.4byte	.LASF4
 608 0048 02       		.uleb128 0x2
 609 0049 04       		.byte	0x4
ARM GAS  C:\Users\crazy\AppData\Local\Temp\ccYbvRso.s 			page 16


 610 004a 07       		.byte	0x7
 611 004b DF050000 		.4byte	.LASF5
 612 004f 02       		.uleb128 0x2
 613 0050 08       		.byte	0x8
 614 0051 05       		.byte	0x5
 615 0052 FA020000 		.4byte	.LASF6
 616 0056 02       		.uleb128 0x2
 617 0057 08       		.byte	0x8
 618 0058 07       		.byte	0x7
 619 0059 3A050000 		.4byte	.LASF7
 620 005d 03       		.uleb128 0x3
 621 005e 04       		.byte	0x4
 622 005f 05       		.byte	0x5
 623 0060 696E7400 		.ascii	"int\000"
 624 0064 02       		.uleb128 0x2
 625 0065 04       		.byte	0x4
 626 0066 07       		.byte	0x7
 627 0067 250D0000 		.4byte	.LASF8
 628 006b 04       		.uleb128 0x4
 629 006c 3C040000 		.4byte	.LASF9
 630 0070 02       		.byte	0x2
 631 0071 E401     		.2byte	0x1e4
 632 0073 2C000000 		.4byte	0x2c
 633 0077 04       		.uleb128 0x4
 634 0078 8A0B0000 		.4byte	.LASF10
 635 007c 02       		.byte	0x2
 636 007d E501     		.2byte	0x1e5
 637 007f 3A000000 		.4byte	0x3a
 638 0083 04       		.uleb128 0x4
 639 0084 A7040000 		.4byte	.LASF11
 640 0088 02       		.byte	0x2
 641 0089 E601     		.2byte	0x1e6
 642 008b 48000000 		.4byte	0x48
 643 008f 02       		.uleb128 0x2
 644 0090 04       		.byte	0x4
 645 0091 04       		.byte	0x4
 646 0092 C40A0000 		.4byte	.LASF12
 647 0096 02       		.uleb128 0x2
 648 0097 08       		.byte	0x8
 649 0098 04       		.byte	0x4
 650 0099 61040000 		.4byte	.LASF13
 651 009d 02       		.uleb128 0x2
 652 009e 01       		.byte	0x1
 653 009f 08       		.byte	0x8
 654 00a0 DE0C0000 		.4byte	.LASF14
 655 00a4 02       		.uleb128 0x2
 656 00a5 08       		.byte	0x8
 657 00a6 04       		.byte	0x4
 658 00a7 D20C0000 		.4byte	.LASF15
 659 00ab 02       		.uleb128 0x2
 660 00ac 04       		.byte	0x4
 661 00ad 07       		.byte	0x7
 662 00ae 04090000 		.4byte	.LASF16
 663 00b2 05       		.uleb128 0x5
 664 00b3 04       		.byte	0x4
 665 00b4 06       		.uleb128 0x6
 666 00b5 04       		.byte	0x4
ARM GAS  C:\Users\crazy\AppData\Local\Temp\ccYbvRso.s 			page 17


 667 00b6 6B000000 		.4byte	0x6b
 668 00ba 07       		.uleb128 0x7
 669 00bb 01       		.byte	0x1
 670 00bc 2C000000 		.4byte	0x2c
 671 00c0 03       		.byte	0x3
 672 00c1 3501     		.2byte	0x135
 673 00c3 78020000 		.4byte	0x278
 674 00c7 08       		.uleb128 0x8
 675 00c8 CB060000 		.4byte	.LASF17
 676 00cc 00       		.byte	0
 677 00cd 08       		.uleb128 0x8
 678 00ce 14030000 		.4byte	.LASF18
 679 00d2 01       		.byte	0x1
 680 00d3 08       		.uleb128 0x8
 681 00d4 E2010000 		.4byte	.LASF19
 682 00d8 02       		.byte	0x2
 683 00d9 08       		.uleb128 0x8
 684 00da FE0D0000 		.4byte	.LASF20
 685 00de 03       		.byte	0x3
 686 00df 08       		.uleb128 0x8
 687 00e0 52020000 		.4byte	.LASF21
 688 00e4 04       		.byte	0x4
 689 00e5 08       		.uleb128 0x8
 690 00e6 23000000 		.4byte	.LASF22
 691 00ea 05       		.byte	0x5
 692 00eb 08       		.uleb128 0x8
 693 00ec 00070000 		.4byte	.LASF23
 694 00f0 06       		.byte	0x6
 695 00f1 08       		.uleb128 0x8
 696 00f2 54080000 		.4byte	.LASF24
 697 00f6 20       		.byte	0x20
 698 00f7 08       		.uleb128 0x8
 699 00f8 70030000 		.4byte	.LASF25
 700 00fc 21       		.byte	0x21
 701 00fd 08       		.uleb128 0x8
 702 00fe 19070000 		.4byte	.LASF26
 703 0102 22       		.byte	0x22
 704 0103 08       		.uleb128 0x8
 705 0104 D80D0000 		.4byte	.LASF27
 706 0108 23       		.byte	0x23
 707 0109 08       		.uleb128 0x8
 708 010a ED090000 		.4byte	.LASF28
 709 010e 24       		.byte	0x24
 710 010f 08       		.uleb128 0x8
 711 0110 CA0A0000 		.4byte	.LASF29
 712 0114 25       		.byte	0x25
 713 0115 08       		.uleb128 0x8
 714 0116 F1030000 		.4byte	.LASF30
 715 011a 26       		.byte	0x26
 716 011b 08       		.uleb128 0x8
 717 011c 3D070000 		.4byte	.LASF31
 718 0120 27       		.byte	0x27
 719 0121 08       		.uleb128 0x8
 720 0122 030D0000 		.4byte	.LASF32
 721 0126 28       		.byte	0x28
 722 0127 08       		.uleb128 0x8
 723 0128 9C020000 		.4byte	.LASF33
ARM GAS  C:\Users\crazy\AppData\Local\Temp\ccYbvRso.s 			page 18


 724 012c 29       		.byte	0x29
 725 012d 08       		.uleb128 0x8
 726 012e B6000000 		.4byte	.LASF34
 727 0132 2A       		.byte	0x2a
 728 0133 08       		.uleb128 0x8
 729 0134 33010000 		.4byte	.LASF35
 730 0138 2B       		.byte	0x2b
 731 0139 08       		.uleb128 0x8
 732 013a 970F0000 		.4byte	.LASF36
 733 013e 2C       		.byte	0x2c
 734 013f 08       		.uleb128 0x8
 735 0140 B9020000 		.4byte	.LASF37
 736 0144 2D       		.byte	0x2d
 737 0145 08       		.uleb128 0x8
 738 0146 910B0000 		.4byte	.LASF38
 739 014a 2E       		.byte	0x2e
 740 014b 08       		.uleb128 0x8
 741 014c 52010000 		.4byte	.LASF39
 742 0150 2F       		.byte	0x2f
 743 0151 08       		.uleb128 0x8
 744 0152 9F090000 		.4byte	.LASF40
 745 0156 30       		.byte	0x30
 746 0157 08       		.uleb128 0x8
 747 0158 F20F0000 		.4byte	.LASF41
 748 015c 31       		.byte	0x31
 749 015d 08       		.uleb128 0x8
 750 015e 7E090000 		.4byte	.LASF42
 751 0162 32       		.byte	0x32
 752 0163 08       		.uleb128 0x8
 753 0164 940C0000 		.4byte	.LASF43
 754 0168 33       		.byte	0x33
 755 0169 08       		.uleb128 0x8
 756 016a F1050000 		.4byte	.LASF44
 757 016e 34       		.byte	0x34
 758 016f 08       		.uleb128 0x8
 759 0170 C0090000 		.4byte	.LASF45
 760 0174 35       		.byte	0x35
 761 0175 08       		.uleb128 0x8
 762 0176 5C070000 		.4byte	.LASF46
 763 017a 36       		.byte	0x36
 764 017b 08       		.uleb128 0x8
 765 017c 86080000 		.4byte	.LASF47
 766 0180 37       		.byte	0x37
 767 0181 08       		.uleb128 0x8
 768 0182 CB040000 		.4byte	.LASF48
 769 0186 40       		.byte	0x40
 770 0187 08       		.uleb128 0x8
 771 0188 17080000 		.4byte	.LASF49
 772 018c 41       		.byte	0x41
 773 018d 08       		.uleb128 0x8
 774 018e 32100000 		.4byte	.LASF50
 775 0192 42       		.byte	0x42
 776 0193 08       		.uleb128 0x8
 777 0194 480E0000 		.4byte	.LASF51
 778 0198 43       		.byte	0x43
 779 0199 08       		.uleb128 0x8
 780 019a 23060000 		.4byte	.LASF52
ARM GAS  C:\Users\crazy\AppData\Local\Temp\ccYbvRso.s 			page 19


 781 019e 44       		.byte	0x44
 782 019f 08       		.uleb128 0x8
 783 01a0 9D0A0000 		.4byte	.LASF53
 784 01a4 45       		.byte	0x45
 785 01a5 08       		.uleb128 0x8
 786 01a6 E3080000 		.4byte	.LASF54
 787 01aa 46       		.byte	0x46
 788 01ab 08       		.uleb128 0x8
 789 01ac E2060000 		.4byte	.LASF55
 790 01b0 47       		.byte	0x47
 791 01b1 08       		.uleb128 0x8
 792 01b2 5B0F0000 		.4byte	.LASF56
 793 01b6 48       		.byte	0x48
 794 01b7 08       		.uleb128 0x8
 795 01b8 87030000 		.4byte	.LASF57
 796 01bc 49       		.byte	0x49
 797 01bd 08       		.uleb128 0x8
 798 01be B80E0000 		.4byte	.LASF58
 799 01c2 4A       		.byte	0x4a
 800 01c3 08       		.uleb128 0x8
 801 01c4 7B010000 		.4byte	.LASF59
 802 01c8 4B       		.byte	0x4b
 803 01c9 08       		.uleb128 0x8
 804 01ca 09060000 		.4byte	.LASF60
 805 01ce 4C       		.byte	0x4c
 806 01cf 08       		.uleb128 0x8
 807 01d0 64090000 		.4byte	.LASF61
 808 01d4 4D       		.byte	0x4d
 809 01d5 08       		.uleb128 0x8
 810 01d6 BA030000 		.4byte	.LASF62
 811 01da 4E       		.byte	0x4e
 812 01db 08       		.uleb128 0x8
 813 01dc 0C0C0000 		.4byte	.LASF63
 814 01e0 4F       		.byte	0x4f
 815 01e1 08       		.uleb128 0x8
 816 01e2 9A010000 		.4byte	.LASF64
 817 01e6 50       		.byte	0x50
 818 01e7 08       		.uleb128 0x8
 819 01e8 42040000 		.4byte	.LASF65
 820 01ec 51       		.byte	0x51
 821 01ed 08       		.uleb128 0x8
 822 01ee 260A0000 		.4byte	.LASF66
 823 01f2 52       		.byte	0x52
 824 01f3 08       		.uleb128 0x8
 825 01f4 BF0B0000 		.4byte	.LASF67
 826 01f8 53       		.byte	0x53
 827 01f9 08       		.uleb128 0x8
 828 01fa 550C0000 		.4byte	.LASF68
 829 01fe 54       		.byte	0x54
 830 01ff 08       		.uleb128 0x8
 831 0200 41060000 		.4byte	.LASF69
 832 0204 55       		.byte	0x55
 833 0205 08       		.uleb128 0x8
 834 0206 57050000 		.4byte	.LASF70
 835 020a 56       		.byte	0x56
 836 020b 08       		.uleb128 0x8
 837 020c 320D0000 		.4byte	.LASF71
ARM GAS  C:\Users\crazy\AppData\Local\Temp\ccYbvRso.s 			page 20


 838 0210 57       		.byte	0x57
 839 0211 08       		.uleb128 0x8
 840 0212 65060000 		.4byte	.LASF72
 841 0216 58       		.byte	0x58
 842 0217 08       		.uleb128 0x8
 843 0218 E5040000 		.4byte	.LASF73
 844 021c 70       		.byte	0x70
 845 021d 08       		.uleb128 0x8
 846 021e CC0F0000 		.4byte	.LASF74
 847 0222 71       		.byte	0x71
 848 0223 08       		.uleb128 0x8
 849 0224 38080000 		.4byte	.LASF75
 850 0228 72       		.byte	0x72
 851 0229 08       		.uleb128 0x8
 852 022a B9010000 		.4byte	.LASF76
 853 022e 73       		.byte	0x73
 854 022f 08       		.uleb128 0x8
 855 0230 7F0A0000 		.4byte	.LASF77
 856 0234 74       		.byte	0x74
 857 0235 08       		.uleb128 0x8
 858 0236 68040000 		.4byte	.LASF78
 859 023a 75       		.byte	0x75
 860 023b 08       		.uleb128 0x8
 861 023c DF000000 		.4byte	.LASF79
 862 0240 76       		.byte	0x76
 863 0241 08       		.uleb128 0x8
 864 0242 53000000 		.4byte	.LASF80
 865 0246 77       		.byte	0x77
 866 0247 08       		.uleb128 0x8
 867 0248 00000000 		.4byte	.LASF81
 868 024c 78       		.byte	0x78
 869 024d 08       		.uleb128 0x8
 870 024e 620D0000 		.4byte	.LASF82
 871 0252 79       		.byte	0x79
 872 0253 08       		.uleb128 0x8
 873 0254 0B050000 		.4byte	.LASF83
 874 0258 7A       		.byte	0x7a
 875 0259 08       		.uleb128 0x8
 876 025a 67020000 		.4byte	.LASF84
 877 025e FA       		.byte	0xfa
 878 025f 08       		.uleb128 0x8
 879 0260 97050000 		.4byte	.LASF85
 880 0264 FB       		.byte	0xfb
 881 0265 08       		.uleb128 0x8
 882 0266 E00B0000 		.4byte	.LASF86
 883 026a FC       		.byte	0xfc
 884 026b 08       		.uleb128 0x8
 885 026c 78100000 		.4byte	.LASF87
 886 0270 FD       		.byte	0xfd
 887 0271 08       		.uleb128 0x8
 888 0272 AE040000 		.4byte	.LASF88
 889 0276 FF       		.byte	0xff
 890 0277 00       		.byte	0
 891 0278 07       		.uleb128 0x7
 892 0279 02       		.byte	0x2
 893 027a 3A000000 		.4byte	0x3a
 894 027e 03       		.byte	0x3
ARM GAS  C:\Users\crazy\AppData\Local\Temp\ccYbvRso.s 			page 21


 895 027f EA03     		.2byte	0x3ea
 896 0281 57030000 		.4byte	0x357
 897 0285 08       		.uleb128 0x8
 898 0286 BC040000 		.4byte	.LASF89
 899 028a 00       		.byte	0
 900 028b 08       		.uleb128 0x8
 901 028c 89040000 		.4byte	.LASF90
 902 0290 01       		.byte	0x1
 903 0291 08       		.uleb128 0x8
 904 0292 2A0E0000 		.4byte	.LASF91
 905 0296 02       		.byte	0x2
 906 0297 08       		.uleb128 0x8
 907 0298 91000000 		.4byte	.LASF92
 908 029c 03       		.byte	0x3
 909 029d 08       		.uleb128 0x8
 910 029e 710E0000 		.4byte	.LASF93
 911 02a2 04       		.byte	0x4
 912 02a3 08       		.uleb128 0x8
 913 02a4 79050000 		.4byte	.LASF94
 914 02a8 05       		.byte	0x5
 915 02a9 08       		.uleb128 0x8
 916 02aa F20B0000 		.4byte	.LASF95
 917 02ae 06       		.byte	0x6
 918 02af 08       		.uleb128 0x8
 919 02b0 49030000 		.4byte	.LASF96
 920 02b4 07       		.byte	0x7
 921 02b5 08       		.uleb128 0x8
 922 02b6 760C0000 		.4byte	.LASF97
 923 02ba 08       		.byte	0x8
 924 02bb 08       		.uleb128 0x8
 925 02bc 820F0000 		.4byte	.LASF98
 926 02c0 09       		.byte	0x9
 927 02c1 08       		.uleb128 0x8
 928 02c2 E40A0000 		.4byte	.LASF99
 929 02c6 0A       		.byte	0xa
 930 02c7 08       		.uleb128 0x8
 931 02c8 E30C0000 		.4byte	.LASF100
 932 02cc 0B       		.byte	0xb
 933 02cd 08       		.uleb128 0x8
 934 02ce 85020000 		.4byte	.LASF101
 935 02d2 0C       		.byte	0xc
 936 02d3 08       		.uleb128 0x8
 937 02d4 1A020000 		.4byte	.LASF102
 938 02d8 0D       		.byte	0xd
 939 02d9 08       		.uleb128 0x8
 940 02da B6050000 		.4byte	.LASF103
 941 02de 0E       		.byte	0xe
 942 02df 08       		.uleb128 0x8
 943 02e0 200F0000 		.4byte	.LASF104
 944 02e4 0F       		.byte	0xf
 945 02e5 08       		.uleb128 0x8
 946 02e6 AA0D0000 		.4byte	.LASF105
 947 02ea 10       		.byte	0x10
 948 02eb 08       		.uleb128 0x8
 949 02ec 88060000 		.4byte	.LASF106
 950 02f0 11       		.byte	0x11
 951 02f1 08       		.uleb128 0x8
ARM GAS  C:\Users\crazy\AppData\Local\Temp\ccYbvRso.s 			page 22


 952 02f2 19040000 		.4byte	.LASF107
 953 02f6 12       		.byte	0x12
 954 02f7 08       		.uleb128 0x8
 955 02f8 50100000 		.4byte	.LASF108
 956 02fc 13       		.byte	0x13
 957 02fd 08       		.uleb128 0x8
 958 02fe 27030000 		.4byte	.LASF109
 959 0302 27       		.byte	0x27
 960 0303 08       		.uleb128 0x8
 961 0304 850D0000 		.4byte	.LASF110
 962 0308 28       		.byte	0x28
 963 0309 08       		.uleb128 0x8
 964 030a 040F0000 		.4byte	.LASF111
 965 030e 29       		.byte	0x29
 966 030f 08       		.uleb128 0x8
 967 0310 FD010000 		.4byte	.LASF112
 968 0314 2A       		.byte	0x2a
 969 0315 08       		.uleb128 0x8
 970 0316 00010000 		.4byte	.LASF113
 971 031a 2B       		.byte	0x2b
 972 031b 08       		.uleb128 0x8
 973 031c CB080000 		.4byte	.LASF114
 974 0320 2C       		.byte	0x2c
 975 0321 08       		.uleb128 0x8
 976 0322 2B0C0000 		.4byte	.LASF115
 977 0326 2D       		.byte	0x2d
 978 0327 08       		.uleb128 0x8
 979 0328 D60E0000 		.4byte	.LASF116
 980 032c FE       		.byte	0xfe
 981 032d 08       		.uleb128 0x8
 982 032e BB080000 		.4byte	.LASF117
 983 0332 FF       		.byte	0xff
 984 0333 09       		.uleb128 0x9
 985 0334 B2060000 		.4byte	.LASF118
 986 0338 0001     		.2byte	0x100
 987 033a 09       		.uleb128 0x9
 988 033b 470A0000 		.4byte	.LASF119
 989 033f 0101     		.2byte	0x101
 990 0341 09       		.uleb128 0x9
 991 0342 FE0A0000 		.4byte	.LASF120
 992 0346 0201     		.2byte	0x102
 993 0348 09       		.uleb128 0x9
 994 0349 A0030000 		.4byte	.LASF121
 995 034d 0301     		.2byte	0x103
 996 034f 09       		.uleb128 0x9
 997 0350 BB0C0000 		.4byte	.LASF122
 998 0354 0401     		.2byte	0x104
 999 0356 00       		.byte	0
 1000 0357 04       		.uleb128 0x4
 1001 0358 130A0000 		.4byte	.LASF123
 1002 035c 03       		.byte	0x3
 1003 035d 5C04     		.2byte	0x45c
 1004 035f 78020000 		.4byte	0x278
 1005 0363 04       		.uleb128 0x4
 1006 0364 16100000 		.4byte	.LASF124
 1007 0368 04       		.byte	0x4
 1008 0369 8901     		.2byte	0x189
ARM GAS  C:\Users\crazy\AppData\Local\Temp\ccYbvRso.s 			page 23


 1009 036b 77000000 		.4byte	0x77
 1010 036f 0A       		.uleb128 0xa
 1011 0370 02       		.byte	0x2
 1012 0371 04       		.byte	0x4
 1013 0372 9301     		.2byte	0x193
 1014 0374 93030000 		.4byte	0x393
 1015 0378 0B       		.uleb128 0xb
 1016 0379 BB0F0000 		.4byte	.LASF125
 1017 037d 04       		.byte	0x4
 1018 037e 9A01     		.2byte	0x19a
 1019 0380 6B000000 		.4byte	0x6b
 1020 0384 00       		.byte	0
 1021 0385 0B       		.uleb128 0xb
 1022 0386 32080000 		.4byte	.LASF126
 1023 038a 04       		.byte	0x4
 1024 038b A001     		.2byte	0x1a0
 1025 038d 6B000000 		.4byte	0x6b
 1026 0391 01       		.byte	0x1
 1027 0392 00       		.byte	0
 1028 0393 04       		.uleb128 0x4
 1029 0394 72000000 		.4byte	.LASF127
 1030 0398 04       		.byte	0x4
 1031 0399 A201     		.2byte	0x1a2
 1032 039b 6F030000 		.4byte	0x36f
 1033 039f 0A       		.uleb128 0xa
 1034 03a0 08       		.byte	0x8
 1035 03a1 04       		.byte	0x4
 1036 03a2 BE01     		.2byte	0x1be
 1037 03a4 D0030000 		.4byte	0x3d0
 1038 03a8 0C       		.uleb128 0xc
 1039 03a9 76616C00 		.ascii	"val\000"
 1040 03ad 04       		.byte	0x4
 1041 03ae C101     		.2byte	0x1c1
 1042 03b0 B4000000 		.4byte	0xb4
 1043 03b4 00       		.byte	0
 1044 03b5 0C       		.uleb128 0xc
 1045 03b6 6C656E00 		.ascii	"len\000"
 1046 03ba 04       		.byte	0x4
 1047 03bb C401     		.2byte	0x1c4
 1048 03bd 77000000 		.4byte	0x77
 1049 03c1 04       		.byte	0x4
 1050 03c2 0B       		.uleb128 0xb
 1051 03c3 66030000 		.4byte	.LASF128
 1052 03c7 04       		.byte	0x4
 1053 03c8 CB01     		.2byte	0x1cb
 1054 03ca 77000000 		.4byte	0x77
 1055 03ce 06       		.byte	0x6
 1056 03cf 00       		.byte	0
 1057 03d0 04       		.uleb128 0x4
 1058 03d1 3F020000 		.4byte	.LASF129
 1059 03d5 04       		.byte	0x4
 1060 03d6 CD01     		.2byte	0x1cd
 1061 03d8 9F030000 		.4byte	0x39f
 1062 03dc 0A       		.uleb128 0xa
 1063 03dd 0C       		.byte	0xc
 1064 03de 04       		.byte	0x4
 1065 03df D001     		.2byte	0x1d0
ARM GAS  C:\Users\crazy\AppData\Local\Temp\ccYbvRso.s 			page 24


 1066 03e1 00040000 		.4byte	0x400
 1067 03e5 0B       		.uleb128 0xb
 1068 03e6 51050000 		.4byte	.LASF130
 1069 03ea 04       		.byte	0x4
 1070 03eb D301     		.2byte	0x1d3
 1071 03ed D0030000 		.4byte	0x3d0
 1072 03f1 00       		.byte	0
 1073 03f2 0B       		.uleb128 0xb
 1074 03f3 2F050000 		.4byte	.LASF131
 1075 03f7 04       		.byte	0x4
 1076 03f8 D601     		.2byte	0x1d6
 1077 03fa 63030000 		.4byte	0x363
 1078 03fe 08       		.byte	0x8
 1079 03ff 00       		.byte	0
 1080 0400 04       		.uleb128 0x4
 1081 0401 600A0000 		.4byte	.LASF132
 1082 0405 04       		.byte	0x4
 1083 0406 D801     		.2byte	0x1d8
 1084 0408 DC030000 		.4byte	0x3dc
 1085 040c 0D       		.uleb128 0xd
 1086 040d 10       		.byte	0x10
 1087 040e 05       		.byte	0x5
 1088 040f 8A       		.byte	0x8a
 1089 0410 2D040000 		.4byte	0x42d
 1090 0414 0E       		.uleb128 0xe
 1091 0415 86000000 		.4byte	.LASF133
 1092 0419 05       		.byte	0x5
 1093 041a 8D       		.byte	0x8d
 1094 041b 93030000 		.4byte	0x393
 1095 041f 00       		.byte	0
 1096 0420 0E       		.uleb128 0xe
 1097 0421 78080000 		.4byte	.LASF134
 1098 0425 05       		.byte	0x5
 1099 0426 90       		.byte	0x90
 1100 0427 00040000 		.4byte	0x400
 1101 042b 04       		.byte	0x4
 1102 042c 00       		.byte	0
 1103 042d 0F       		.uleb128 0xf
 1104 042e 0D090000 		.4byte	.LASF135
 1105 0432 05       		.byte	0x5
 1106 0433 92       		.byte	0x92
 1107 0434 0C040000 		.4byte	0x40c
 1108 0438 07       		.uleb128 0x7
 1109 0439 01       		.byte	0x1
 1110 043a 2C000000 		.4byte	0x2c
 1111 043e 06       		.byte	0x6
 1112 043f A808     		.2byte	0x8a8
 1113 0441 64040000 		.4byte	0x464
 1114 0445 08       		.uleb128 0x8
 1115 0446 3F000000 		.4byte	.LASF136
 1116 044a 00       		.byte	0
 1117 044b 08       		.uleb128 0x8
 1118 044c 2B090000 		.4byte	.LASF137
 1119 0450 01       		.byte	0x1
 1120 0451 08       		.uleb128 0x8
 1121 0452 450F0000 		.4byte	.LASF138
 1122 0456 02       		.byte	0x2
ARM GAS  C:\Users\crazy\AppData\Local\Temp\ccYbvRso.s 			page 25


 1123 0457 08       		.uleb128 0x8
 1124 0458 E2020000 		.4byte	.LASF139
 1125 045c 03       		.byte	0x3
 1126 045d 08       		.uleb128 0x8
 1127 045e D8030000 		.4byte	.LASF140
 1128 0462 04       		.byte	0x4
 1129 0463 00       		.byte	0
 1130 0464 04       		.uleb128 0x4
 1131 0465 AA0E0000 		.4byte	.LASF141
 1132 0469 06       		.byte	0x6
 1133 046a B608     		.2byte	0x8b6
 1134 046c 38040000 		.4byte	0x438
 1135 0470 10       		.uleb128 0x10
 1136 0471 F20E0000 		.4byte	.LASF144
 1137 0475 01       		.byte	0x1
 1138 0476 24       		.byte	0x24
 1139 0477 00000000 		.4byte	.LFB36
 1140 047b 6C020000 		.4byte	.LFE36-.LFB36
 1141 047f 01       		.uleb128 0x1
 1142 0480 9C       		.byte	0x9c
 1143 0481 B0040000 		.4byte	0x4b0
 1144 0485 11       		.uleb128 0x11
 1145 0486 AC060000 		.4byte	.LASF142
 1146 048a 01       		.byte	0x1
 1147 048b 24       		.byte	0x24
 1148 048c 83000000 		.4byte	0x83
 1149 0490 02       		.uleb128 0x2
 1150 0491 91       		.byte	0x91
 1151 0492 64       		.sleb128 -28
 1152 0493 11       		.uleb128 0x11
 1153 0494 660E0000 		.4byte	.LASF143
 1154 0498 01       		.byte	0x1
 1155 0499 24       		.byte	0x24
 1156 049a B2000000 		.4byte	0xb2
 1157 049e 02       		.uleb128 0x2
 1158 049f 91       		.byte	0x91
 1159 04a0 60       		.sleb128 -32
 1160 04a1 12       		.uleb128 0x12
 1161 04a2 090A0000 		.4byte	.LASF146
 1162 04a6 01       		.byte	0x1
 1163 04a7 26       		.byte	0x26
 1164 04a8 57030000 		.4byte	0x357
 1165 04ac 02       		.uleb128 0x2
 1166 04ad 91       		.byte	0x91
 1167 04ae 6E       		.sleb128 -18
 1168 04af 00       		.byte	0
 1169 04b0 10       		.uleb128 0x10
 1170 04b1 940E0000 		.4byte	.LASF145
 1171 04b5 01       		.byte	0x1
 1172 04b6 B2       		.byte	0xb2
 1173 04b7 00000000 		.4byte	.LFB37
 1174 04bb 50000000 		.4byte	.LFE37-.LFB37
 1175 04bf 01       		.uleb128 0x1
 1176 04c0 9C       		.byte	0x9c
 1177 04c1 D4040000 		.4byte	0x4d4
 1178 04c5 12       		.uleb128 0x12
 1179 04c6 C40F0000 		.4byte	.LASF147
ARM GAS  C:\Users\crazy\AppData\Local\Temp\ccYbvRso.s 			page 26


 1180 04ca 01       		.byte	0x1
 1181 04cb B5       		.byte	0xb5
 1182 04cc 00040000 		.4byte	0x400
 1183 04d0 02       		.uleb128 0x2
 1184 04d1 91       		.byte	0x91
 1185 04d2 6C       		.sleb128 -20
 1186 04d3 00       		.byte	0
 1187 04d4 13       		.uleb128 0x13
 1188 04d5 7D070000 		.4byte	.LASF148
 1189 04d9 06       		.byte	0x6
 1190 04da 160B     		.2byte	0xb16
 1191 04dc 64040000 		.4byte	0x464
 1192 04e0 13       		.uleb128 0x13
 1193 04e1 53090000 		.4byte	.LASF149
 1194 04e5 06       		.byte	0x6
 1195 04e6 170B     		.2byte	0xb17
 1196 04e8 93030000 		.4byte	0x393
 1197 04ec 14       		.uleb128 0x14
 1198 04ed DD090000 		.4byte	.LASF150
 1199 04f1 07       		.byte	0x7
 1200 04f2 19       		.byte	0x19
 1201 04f3 6B000000 		.4byte	0x6b
 1202 04f7 05       		.uleb128 0x5
 1203 04f8 03       		.byte	0x3
 1204 04f9 00000000 		.4byte	deviceConnected
 1205 04fd 15       		.uleb128 0x15
 1206 04fe 9D000000 		.4byte	0x9d
 1207 0502 0D050000 		.4byte	0x50d
 1208 0506 16       		.uleb128 0x16
 1209 0507 AB000000 		.4byte	0xab
 1210 050b B3       		.byte	0xb3
 1211 050c 00       		.byte	0
 1212 050d 17       		.uleb128 0x17
 1213 050e 5B0D0000 		.4byte	.LASF151
 1214 0512 07       		.byte	0x7
 1215 0513 1A       		.byte	0x1a
 1216 0514 FD040000 		.4byte	0x4fd
 1217 0518 14       		.uleb128 0x14
 1218 0519 86000000 		.4byte	.LASF133
 1219 051d 01       		.byte	0x1
 1220 051e 0E       		.byte	0xe
 1221 051f 93030000 		.4byte	0x393
 1222 0523 05       		.uleb128 0x5
 1223 0524 03       		.byte	0x3
 1224 0525 00000000 		.4byte	connHandle
 1225 0529 14       		.uleb128 0x14
 1226 052a D7010000 		.4byte	.LASF152
 1227 052e 01       		.byte	0x1
 1228 052f 0F       		.byte	0xf
 1229 0530 3A050000 		.4byte	0x53a
 1230 0534 05       		.uleb128 0x5
 1231 0535 03       		.byte	0x3
 1232 0536 00000000 		.4byte	wrReqParam
 1233 053a 06       		.uleb128 0x6
 1234 053b 04       		.byte	0x4
 1235 053c 2D040000 		.4byte	0x42d
 1236 0540 00       		.byte	0
ARM GAS  C:\Users\crazy\AppData\Local\Temp\ccYbvRso.s 			page 27


 1237              		.section	.debug_abbrev,"",%progbits
 1238              	.Ldebug_abbrev0:
 1239 0000 01       		.uleb128 0x1
 1240 0001 11       		.uleb128 0x11
 1241 0002 01       		.byte	0x1
 1242 0003 25       		.uleb128 0x25
 1243 0004 0E       		.uleb128 0xe
 1244 0005 13       		.uleb128 0x13
 1245 0006 0B       		.uleb128 0xb
 1246 0007 03       		.uleb128 0x3
 1247 0008 0E       		.uleb128 0xe
 1248 0009 1B       		.uleb128 0x1b
 1249 000a 0E       		.uleb128 0xe
 1250 000b 55       		.uleb128 0x55
 1251 000c 17       		.uleb128 0x17
 1252 000d 11       		.uleb128 0x11
 1253 000e 01       		.uleb128 0x1
 1254 000f 10       		.uleb128 0x10
 1255 0010 17       		.uleb128 0x17
 1256 0011 00       		.byte	0
 1257 0012 00       		.byte	0
 1258 0013 02       		.uleb128 0x2
 1259 0014 24       		.uleb128 0x24
 1260 0015 00       		.byte	0
 1261 0016 0B       		.uleb128 0xb
 1262 0017 0B       		.uleb128 0xb
 1263 0018 3E       		.uleb128 0x3e
 1264 0019 0B       		.uleb128 0xb
 1265 001a 03       		.uleb128 0x3
 1266 001b 0E       		.uleb128 0xe
 1267 001c 00       		.byte	0
 1268 001d 00       		.byte	0
 1269 001e 03       		.uleb128 0x3
 1270 001f 24       		.uleb128 0x24
 1271 0020 00       		.byte	0
 1272 0021 0B       		.uleb128 0xb
 1273 0022 0B       		.uleb128 0xb
 1274 0023 3E       		.uleb128 0x3e
 1275 0024 0B       		.uleb128 0xb
 1276 0025 03       		.uleb128 0x3
 1277 0026 08       		.uleb128 0x8
 1278 0027 00       		.byte	0
 1279 0028 00       		.byte	0
 1280 0029 04       		.uleb128 0x4
 1281 002a 16       		.uleb128 0x16
 1282 002b 00       		.byte	0
 1283 002c 03       		.uleb128 0x3
 1284 002d 0E       		.uleb128 0xe
 1285 002e 3A       		.uleb128 0x3a
 1286 002f 0B       		.uleb128 0xb
 1287 0030 3B       		.uleb128 0x3b
 1288 0031 05       		.uleb128 0x5
 1289 0032 49       		.uleb128 0x49
 1290 0033 13       		.uleb128 0x13
 1291 0034 00       		.byte	0
 1292 0035 00       		.byte	0
 1293 0036 05       		.uleb128 0x5
ARM GAS  C:\Users\crazy\AppData\Local\Temp\ccYbvRso.s 			page 28


 1294 0037 0F       		.uleb128 0xf
 1295 0038 00       		.byte	0
 1296 0039 0B       		.uleb128 0xb
 1297 003a 0B       		.uleb128 0xb
 1298 003b 00       		.byte	0
 1299 003c 00       		.byte	0
 1300 003d 06       		.uleb128 0x6
 1301 003e 0F       		.uleb128 0xf
 1302 003f 00       		.byte	0
 1303 0040 0B       		.uleb128 0xb
 1304 0041 0B       		.uleb128 0xb
 1305 0042 49       		.uleb128 0x49
 1306 0043 13       		.uleb128 0x13
 1307 0044 00       		.byte	0
 1308 0045 00       		.byte	0
 1309 0046 07       		.uleb128 0x7
 1310 0047 04       		.uleb128 0x4
 1311 0048 01       		.byte	0x1
 1312 0049 0B       		.uleb128 0xb
 1313 004a 0B       		.uleb128 0xb
 1314 004b 49       		.uleb128 0x49
 1315 004c 13       		.uleb128 0x13
 1316 004d 3A       		.uleb128 0x3a
 1317 004e 0B       		.uleb128 0xb
 1318 004f 3B       		.uleb128 0x3b
 1319 0050 05       		.uleb128 0x5
 1320 0051 01       		.uleb128 0x1
 1321 0052 13       		.uleb128 0x13
 1322 0053 00       		.byte	0
 1323 0054 00       		.byte	0
 1324 0055 08       		.uleb128 0x8
 1325 0056 28       		.uleb128 0x28
 1326 0057 00       		.byte	0
 1327 0058 03       		.uleb128 0x3
 1328 0059 0E       		.uleb128 0xe
 1329 005a 1C       		.uleb128 0x1c
 1330 005b 0B       		.uleb128 0xb
 1331 005c 00       		.byte	0
 1332 005d 00       		.byte	0
 1333 005e 09       		.uleb128 0x9
 1334 005f 28       		.uleb128 0x28
 1335 0060 00       		.byte	0
 1336 0061 03       		.uleb128 0x3
 1337 0062 0E       		.uleb128 0xe
 1338 0063 1C       		.uleb128 0x1c
 1339 0064 05       		.uleb128 0x5
 1340 0065 00       		.byte	0
 1341 0066 00       		.byte	0
 1342 0067 0A       		.uleb128 0xa
 1343 0068 13       		.uleb128 0x13
 1344 0069 01       		.byte	0x1
 1345 006a 0B       		.uleb128 0xb
 1346 006b 0B       		.uleb128 0xb
 1347 006c 3A       		.uleb128 0x3a
 1348 006d 0B       		.uleb128 0xb
 1349 006e 3B       		.uleb128 0x3b
 1350 006f 05       		.uleb128 0x5
ARM GAS  C:\Users\crazy\AppData\Local\Temp\ccYbvRso.s 			page 29


 1351 0070 01       		.uleb128 0x1
 1352 0071 13       		.uleb128 0x13
 1353 0072 00       		.byte	0
 1354 0073 00       		.byte	0
 1355 0074 0B       		.uleb128 0xb
 1356 0075 0D       		.uleb128 0xd
 1357 0076 00       		.byte	0
 1358 0077 03       		.uleb128 0x3
 1359 0078 0E       		.uleb128 0xe
 1360 0079 3A       		.uleb128 0x3a
 1361 007a 0B       		.uleb128 0xb
 1362 007b 3B       		.uleb128 0x3b
 1363 007c 05       		.uleb128 0x5
 1364 007d 49       		.uleb128 0x49
 1365 007e 13       		.uleb128 0x13
 1366 007f 38       		.uleb128 0x38
 1367 0080 0B       		.uleb128 0xb
 1368 0081 00       		.byte	0
 1369 0082 00       		.byte	0
 1370 0083 0C       		.uleb128 0xc
 1371 0084 0D       		.uleb128 0xd
 1372 0085 00       		.byte	0
 1373 0086 03       		.uleb128 0x3
 1374 0087 08       		.uleb128 0x8
 1375 0088 3A       		.uleb128 0x3a
 1376 0089 0B       		.uleb128 0xb
 1377 008a 3B       		.uleb128 0x3b
 1378 008b 05       		.uleb128 0x5
 1379 008c 49       		.uleb128 0x49
 1380 008d 13       		.uleb128 0x13
 1381 008e 38       		.uleb128 0x38
 1382 008f 0B       		.uleb128 0xb
 1383 0090 00       		.byte	0
 1384 0091 00       		.byte	0
 1385 0092 0D       		.uleb128 0xd
 1386 0093 13       		.uleb128 0x13
 1387 0094 01       		.byte	0x1
 1388 0095 0B       		.uleb128 0xb
 1389 0096 0B       		.uleb128 0xb
 1390 0097 3A       		.uleb128 0x3a
 1391 0098 0B       		.uleb128 0xb
 1392 0099 3B       		.uleb128 0x3b
 1393 009a 0B       		.uleb128 0xb
 1394 009b 01       		.uleb128 0x1
 1395 009c 13       		.uleb128 0x13
 1396 009d 00       		.byte	0
 1397 009e 00       		.byte	0
 1398 009f 0E       		.uleb128 0xe
 1399 00a0 0D       		.uleb128 0xd
 1400 00a1 00       		.byte	0
 1401 00a2 03       		.uleb128 0x3
 1402 00a3 0E       		.uleb128 0xe
 1403 00a4 3A       		.uleb128 0x3a
 1404 00a5 0B       		.uleb128 0xb
 1405 00a6 3B       		.uleb128 0x3b
 1406 00a7 0B       		.uleb128 0xb
 1407 00a8 49       		.uleb128 0x49
ARM GAS  C:\Users\crazy\AppData\Local\Temp\ccYbvRso.s 			page 30


 1408 00a9 13       		.uleb128 0x13
 1409 00aa 38       		.uleb128 0x38
 1410 00ab 0B       		.uleb128 0xb
 1411 00ac 00       		.byte	0
 1412 00ad 00       		.byte	0
 1413 00ae 0F       		.uleb128 0xf
 1414 00af 16       		.uleb128 0x16
 1415 00b0 00       		.byte	0
 1416 00b1 03       		.uleb128 0x3
 1417 00b2 0E       		.uleb128 0xe
 1418 00b3 3A       		.uleb128 0x3a
 1419 00b4 0B       		.uleb128 0xb
 1420 00b5 3B       		.uleb128 0x3b
 1421 00b6 0B       		.uleb128 0xb
 1422 00b7 49       		.uleb128 0x49
 1423 00b8 13       		.uleb128 0x13
 1424 00b9 00       		.byte	0
 1425 00ba 00       		.byte	0
 1426 00bb 10       		.uleb128 0x10
 1427 00bc 2E       		.uleb128 0x2e
 1428 00bd 01       		.byte	0x1
 1429 00be 3F       		.uleb128 0x3f
 1430 00bf 19       		.uleb128 0x19
 1431 00c0 03       		.uleb128 0x3
 1432 00c1 0E       		.uleb128 0xe
 1433 00c2 3A       		.uleb128 0x3a
 1434 00c3 0B       		.uleb128 0xb
 1435 00c4 3B       		.uleb128 0x3b
 1436 00c5 0B       		.uleb128 0xb
 1437 00c6 27       		.uleb128 0x27
 1438 00c7 19       		.uleb128 0x19
 1439 00c8 11       		.uleb128 0x11
 1440 00c9 01       		.uleb128 0x1
 1441 00ca 12       		.uleb128 0x12
 1442 00cb 06       		.uleb128 0x6
 1443 00cc 40       		.uleb128 0x40
 1444 00cd 18       		.uleb128 0x18
 1445 00ce 9642     		.uleb128 0x2116
 1446 00d0 19       		.uleb128 0x19
 1447 00d1 01       		.uleb128 0x1
 1448 00d2 13       		.uleb128 0x13
 1449 00d3 00       		.byte	0
 1450 00d4 00       		.byte	0
 1451 00d5 11       		.uleb128 0x11
 1452 00d6 05       		.uleb128 0x5
 1453 00d7 00       		.byte	0
 1454 00d8 03       		.uleb128 0x3
 1455 00d9 0E       		.uleb128 0xe
 1456 00da 3A       		.uleb128 0x3a
 1457 00db 0B       		.uleb128 0xb
 1458 00dc 3B       		.uleb128 0x3b
 1459 00dd 0B       		.uleb128 0xb
 1460 00de 49       		.uleb128 0x49
 1461 00df 13       		.uleb128 0x13
 1462 00e0 02       		.uleb128 0x2
 1463 00e1 18       		.uleb128 0x18
 1464 00e2 00       		.byte	0
ARM GAS  C:\Users\crazy\AppData\Local\Temp\ccYbvRso.s 			page 31


 1465 00e3 00       		.byte	0
 1466 00e4 12       		.uleb128 0x12
 1467 00e5 34       		.uleb128 0x34
 1468 00e6 00       		.byte	0
 1469 00e7 03       		.uleb128 0x3
 1470 00e8 0E       		.uleb128 0xe
 1471 00e9 3A       		.uleb128 0x3a
 1472 00ea 0B       		.uleb128 0xb
 1473 00eb 3B       		.uleb128 0x3b
 1474 00ec 0B       		.uleb128 0xb
 1475 00ed 49       		.uleb128 0x49
 1476 00ee 13       		.uleb128 0x13
 1477 00ef 02       		.uleb128 0x2
 1478 00f0 18       		.uleb128 0x18
 1479 00f1 00       		.byte	0
 1480 00f2 00       		.byte	0
 1481 00f3 13       		.uleb128 0x13
 1482 00f4 34       		.uleb128 0x34
 1483 00f5 00       		.byte	0
 1484 00f6 03       		.uleb128 0x3
 1485 00f7 0E       		.uleb128 0xe
 1486 00f8 3A       		.uleb128 0x3a
 1487 00f9 0B       		.uleb128 0xb
 1488 00fa 3B       		.uleb128 0x3b
 1489 00fb 05       		.uleb128 0x5
 1490 00fc 49       		.uleb128 0x49
 1491 00fd 13       		.uleb128 0x13
 1492 00fe 3F       		.uleb128 0x3f
 1493 00ff 19       		.uleb128 0x19
 1494 0100 3C       		.uleb128 0x3c
 1495 0101 19       		.uleb128 0x19
 1496 0102 00       		.byte	0
 1497 0103 00       		.byte	0
 1498 0104 14       		.uleb128 0x14
 1499 0105 34       		.uleb128 0x34
 1500 0106 00       		.byte	0
 1501 0107 03       		.uleb128 0x3
 1502 0108 0E       		.uleb128 0xe
 1503 0109 3A       		.uleb128 0x3a
 1504 010a 0B       		.uleb128 0xb
 1505 010b 3B       		.uleb128 0x3b
 1506 010c 0B       		.uleb128 0xb
 1507 010d 49       		.uleb128 0x49
 1508 010e 13       		.uleb128 0x13
 1509 010f 3F       		.uleb128 0x3f
 1510 0110 19       		.uleb128 0x19
 1511 0111 02       		.uleb128 0x2
 1512 0112 18       		.uleb128 0x18
 1513 0113 00       		.byte	0
 1514 0114 00       		.byte	0
 1515 0115 15       		.uleb128 0x15
 1516 0116 01       		.uleb128 0x1
 1517 0117 01       		.byte	0x1
 1518 0118 49       		.uleb128 0x49
 1519 0119 13       		.uleb128 0x13
 1520 011a 01       		.uleb128 0x1
 1521 011b 13       		.uleb128 0x13
ARM GAS  C:\Users\crazy\AppData\Local\Temp\ccYbvRso.s 			page 32


 1522 011c 00       		.byte	0
 1523 011d 00       		.byte	0
 1524 011e 16       		.uleb128 0x16
 1525 011f 21       		.uleb128 0x21
 1526 0120 00       		.byte	0
 1527 0121 49       		.uleb128 0x49
 1528 0122 13       		.uleb128 0x13
 1529 0123 2F       		.uleb128 0x2f
 1530 0124 0B       		.uleb128 0xb
 1531 0125 00       		.byte	0
 1532 0126 00       		.byte	0
 1533 0127 17       		.uleb128 0x17
 1534 0128 34       		.uleb128 0x34
 1535 0129 00       		.byte	0
 1536 012a 03       		.uleb128 0x3
 1537 012b 0E       		.uleb128 0xe
 1538 012c 3A       		.uleb128 0x3a
 1539 012d 0B       		.uleb128 0xb
 1540 012e 3B       		.uleb128 0x3b
 1541 012f 0B       		.uleb128 0xb
 1542 0130 49       		.uleb128 0x49
 1543 0131 13       		.uleb128 0x13
 1544 0132 3F       		.uleb128 0x3f
 1545 0133 19       		.uleb128 0x19
 1546 0134 3C       		.uleb128 0x3c
 1547 0135 19       		.uleb128 0x19
 1548 0136 00       		.byte	0
 1549 0137 00       		.byte	0
 1550 0138 00       		.byte	0
 1551              		.section	.debug_aranges,"",%progbits
 1552 0000 24000000 		.4byte	0x24
 1553 0004 0200     		.2byte	0x2
 1554 0006 00000000 		.4byte	.Ldebug_info0
 1555 000a 04       		.byte	0x4
 1556 000b 00       		.byte	0
 1557 000c 0000     		.2byte	0
 1558 000e 0000     		.2byte	0
 1559 0010 00000000 		.4byte	.LFB36
 1560 0014 6C020000 		.4byte	.LFE36-.LFB36
 1561 0018 00000000 		.4byte	.LFB37
 1562 001c 50000000 		.4byte	.LFE37-.LFB37
 1563 0020 00000000 		.4byte	0
 1564 0024 00000000 		.4byte	0
 1565              		.section	.debug_ranges,"",%progbits
 1566              	.Ldebug_ranges0:
 1567 0000 00000000 		.4byte	.LFB36
 1568 0004 6C020000 		.4byte	.LFE36
 1569 0008 00000000 		.4byte	.LFB37
 1570 000c 50000000 		.4byte	.LFE37
 1571 0010 00000000 		.4byte	0
 1572 0014 00000000 		.4byte	0
 1573              		.section	.debug_line,"",%progbits
 1574              	.Ldebug_line0:
 1575 0000 0F010000 		.section	.debug_str,"MS",%progbits,1
 1575      0200A600 
 1575      00000201 
 1575      FB0E0D00 
ARM GAS  C:\Users\crazy\AppData\Local\Temp\ccYbvRso.s 			page 33


 1575      01010101 
 1576              	.LASF81:
 1577 0000 4359424C 		.ascii	"CYBLE_EVT_L2CAP_CBFC_RX_CREDIT_IND\000"
 1577      455F4556 
 1577      545F4C32 
 1577      4341505F 
 1577      43424643 
 1578              	.LASF22:
 1579 0023 4359424C 		.ascii	"CYBLE_EVT_STACK_BUSY_STATUS\000"
 1579      455F4556 
 1579      545F5354 
 1579      41434B5F 
 1579      42555359 
 1580              	.LASF136:
 1581 003f 4359424C 		.ascii	"CYBLE_STATE_STOPPED\000"
 1581      455F5354 
 1581      4154455F 
 1581      53544F50 
 1581      50454400 
 1582              	.LASF80:
 1583 0053 4359424C 		.ascii	"CYBLE_EVT_L2CAP_CBFC_DATA_READ\000"
 1583      455F4556 
 1583      545F4C32 
 1583      4341505F 
 1583      43424643 
 1584              	.LASF127:
 1585 0072 4359424C 		.ascii	"CYBLE_CONN_HANDLE_T\000"
 1585      455F434F 
 1585      4E4E5F48 
 1585      414E444C 
 1585      455F5400 
 1586              	.LASF133:
 1587 0086 636F6E6E 		.ascii	"connHandle\000"
 1587      48616E64 
 1587      6C6500
 1588              	.LASF92:
 1589 0091 4359424C 		.ascii	"CYBLE_ERROR_MEMORY_ALLOCATION_FAILED\000"
 1589      455F4552 
 1589      524F525F 
 1589      4D454D4F 
 1589      52595F41 
 1590              	.LASF34:
 1591 00b6 4359424C 		.ascii	"CYBLE_EVT_GAP_CONNECTION_UPDATE_COMPLETE\000"
 1591      455F4556 
 1591      545F4741 
 1591      505F434F 
 1591      4E4E4543 
 1592              	.LASF79:
 1593 00df 4359424C 		.ascii	"CYBLE_EVT_L2CAP_CBFC_DISCONN_CNF\000"
 1593      455F4556 
 1593      545F4C32 
 1593      4341505F 
 1593      43424643 
 1594              	.LASF113:
 1595 0100 4359424C 		.ascii	"CYBLE_ERROR_UNSUPPORTED_FEATURE_OR_PARAMETER_VALUE\000"
 1595      455F4552 
 1595      524F525F 
ARM GAS  C:\Users\crazy\AppData\Local\Temp\ccYbvRso.s 			page 34


 1595      554E5355 
 1595      50504F52 
 1596              	.LASF35:
 1597 0133 4359424C 		.ascii	"CYBLE_EVT_GAPC_SCAN_START_STOP\000"
 1597      455F4556 
 1597      545F4741 
 1597      50435F53 
 1597      43414E5F 
 1598              	.LASF39:
 1599 0152 4359424C 		.ascii	"CYBLE_EVT_GAP_OOB_GENERATED_NOTIFICATION\000"
 1599      455F4556 
 1599      545F4741 
 1599      505F4F4F 
 1599      425F4745 
 1600              	.LASF59:
 1601 017b 4359424C 		.ascii	"CYBLE_EVT_GATTC_READ_MULTI_RSP\000"
 1601      455F4556 
 1601      545F4741 
 1601      5454435F 
 1601      52454144 
 1602              	.LASF64:
 1603 019a 4359424C 		.ascii	"CYBLE_EVT_GATTS_EXEC_WRITE_REQ\000"
 1603      455F4556 
 1603      545F4741 
 1603      5454535F 
 1603      45584543 
 1604              	.LASF76:
 1605 01b9 4359424C 		.ascii	"CYBLE_EVT_L2CAP_CBFC_CONN_IND\000"
 1605      455F4556 
 1605      545F4C32 
 1605      4341505F 
 1605      43424643 
 1606              	.LASF152:
 1607 01d7 77725265 		.ascii	"wrReqParam\000"
 1607      71506172 
 1607      616D00
 1608              	.LASF19:
 1609 01e2 4359424C 		.ascii	"CYBLE_EVT_TIMEOUT\000"
 1609      455F4556 
 1609      545F5449 
 1609      4D454F55 
 1609      5400
 1610              	.LASF4:
 1611 01f4 6C6F6E67 		.ascii	"long int\000"
 1611      20696E74 
 1611      00
 1612              	.LASF112:
 1613 01fd 4359424C 		.ascii	"CYBLE_ERROR_HARDWARE_FAILURE\000"
 1613      455F4552 
 1613      524F525F 
 1613      48415244 
 1613      57415245 
 1614              	.LASF102:
 1615 021a 4359424C 		.ascii	"CYBLE_ERROR_L2CAP_PSM_WRONG_ENCODING\000"
 1615      455F4552 
 1615      524F525F 
 1615      4C324341 
ARM GAS  C:\Users\crazy\AppData\Local\Temp\ccYbvRso.s 			page 35


 1615      505F5053 
 1616              	.LASF129:
 1617 023f 4359424C 		.ascii	"CYBLE_GATT_VALUE_T\000"
 1617      455F4741 
 1617      54545F56 
 1617      414C5545 
 1617      5F5400
 1618              	.LASF21:
 1619 0252 4359424C 		.ascii	"CYBLE_EVT_HCI_STATUS\000"
 1619      455F4556 
 1619      545F4843 
 1619      495F5354 
 1619      41545553 
 1620              	.LASF84:
 1621 0267 4359424C 		.ascii	"CYBLE_EVT_PENDING_FLASH_WRITE\000"
 1621      455F4556 
 1621      545F5045 
 1621      4E44494E 
 1621      475F464C 
 1622              	.LASF101:
 1623 0285 4359424C 		.ascii	"CYBLE_ERROR_SEC_FAILED\000"
 1623      455F4552 
 1623      524F525F 
 1623      5345435F 
 1623      4641494C 
 1624              	.LASF33:
 1625 029c 4359424C 		.ascii	"CYBLE_EVT_GAP_ENCRYPT_CHANGE\000"
 1625      455F4556 
 1625      545F4741 
 1625      505F454E 
 1625      43525950 
 1626              	.LASF37:
 1627 02b9 4359424C 		.ascii	"CYBLE_EVT_GAP_NUMERIC_COMPARISON_REQUEST\000"
 1627      455F4556 
 1627      545F4741 
 1627      505F4E55 
 1627      4D455249 
 1628              	.LASF139:
 1629 02e2 4359424C 		.ascii	"CYBLE_STATE_ADVERTISING\000"
 1629      455F5354 
 1629      4154455F 
 1629      41445645 
 1629      52544953 
 1630              	.LASF6:
 1631 02fa 6C6F6E67 		.ascii	"long long int\000"
 1631      206C6F6E 
 1631      6720696E 
 1631      7400
 1632              	.LASF0:
 1633 0308 7369676E 		.ascii	"signed char\000"
 1633      65642063 
 1633      68617200 
 1634              	.LASF18:
 1635 0314 4359424C 		.ascii	"CYBLE_EVT_STACK_ON\000"
 1635      455F4556 
 1635      545F5354 
 1635      41434B5F 
ARM GAS  C:\Users\crazy\AppData\Local\Temp\ccYbvRso.s 			page 36


 1635      4F4E00
 1636              	.LASF109:
 1637 0327 4359424C 		.ascii	"CYBLE_ERROR_DEVICE_ALREADY_EXISTS\000"
 1637      455F4552 
 1637      524F525F 
 1637      44455649 
 1637      43455F41 
 1638              	.LASF96:
 1639 0349 4359424C 		.ascii	"CYBLE_ERROR_NO_DEVICE_ENTITY\000"
 1639      455F4552 
 1639      524F525F 
 1639      4E4F5F44 
 1639      45564943 
 1640              	.LASF128:
 1641 0366 61637475 		.ascii	"actualLen\000"
 1641      616C4C65 
 1641      6E00
 1642              	.LASF25:
 1643 0370 4359424C 		.ascii	"CYBLE_EVT_GAP_AUTH_REQ\000"
 1643      455F4556 
 1643      545F4741 
 1643      505F4155 
 1643      54485F52 
 1644              	.LASF57:
 1645 0387 4359424C 		.ascii	"CYBLE_EVT_GATTC_READ_RSP\000"
 1645      455F4556 
 1645      545F4741 
 1645      5454435F 
 1645      52454144 
 1646              	.LASF121:
 1647 03a0 4359424C 		.ascii	"CYBLE_ERROR_INVALID_STATE\000"
 1647      455F4552 
 1647      524F525F 
 1647      494E5641 
 1647      4C49445F 
 1648              	.LASF62:
 1649 03ba 4359424C 		.ascii	"CYBLE_EVT_GATTS_WRITE_CMD_REQ\000"
 1649      455F4556 
 1649      545F4741 
 1649      5454535F 
 1649      57524954 
 1650              	.LASF140:
 1651 03d8 4359424C 		.ascii	"CYBLE_STATE_DISCONNECTED\000"
 1651      455F5354 
 1651      4154455F 
 1651      44495343 
 1651      4F4E4E45 
 1652              	.LASF30:
 1653 03f1 4359424C 		.ascii	"CYBLE_EVT_GAPP_ADVERTISEMENT_START_STOP\000"
 1653      455F4556 
 1653      545F4741 
 1653      50505F41 
 1653      44564552 
 1654              	.LASF107:
 1655 0419 4359424C 		.ascii	"CYBLE_ERROR_L2CAP_PSM_NOT_IN_RANGE\000"
 1655      455F4552 
 1655      524F525F 
ARM GAS  C:\Users\crazy\AppData\Local\Temp\ccYbvRso.s 			page 37


 1655      4C324341 
 1655      505F5053 
 1656              	.LASF9:
 1657 043c 75696E74 		.ascii	"uint8\000"
 1657      3800
 1658              	.LASF65:
 1659 0442 4359424C 		.ascii	"CYBLE_EVT_GATTC_EXEC_WRITE_RSP\000"
 1659      455F4556 
 1659      545F4741 
 1659      5454435F 
 1659      45584543 
 1660              	.LASF13:
 1661 0461 646F7562 		.ascii	"double\000"
 1661      6C6500
 1662              	.LASF78:
 1663 0468 4359424C 		.ascii	"CYBLE_EVT_L2CAP_CBFC_DISCONN_IND\000"
 1663      455F4556 
 1663      545F4C32 
 1663      4341505F 
 1663      43424643 
 1664              	.LASF90:
 1665 0489 4359424C 		.ascii	"CYBLE_ERROR_INVALID_PARAMETER\000"
 1665      455F4552 
 1665      524F525F 
 1665      494E5641 
 1665      4C49445F 
 1666              	.LASF11:
 1667 04a7 75696E74 		.ascii	"uint32\000"
 1667      333200
 1668              	.LASF88:
 1669 04ae 4359424C 		.ascii	"CYBLE_EVT_MAX\000"
 1669      455F4556 
 1669      545F4D41 
 1669      5800
 1670              	.LASF89:
 1671 04bc 4359424C 		.ascii	"CYBLE_ERROR_OK\000"
 1671      455F4552 
 1671      524F525F 
 1671      4F4B00
 1672              	.LASF48:
 1673 04cb 4359424C 		.ascii	"CYBLE_EVT_GATTC_ERROR_RSP\000"
 1673      455F4556 
 1673      545F4741 
 1673      5454435F 
 1673      4552524F 
 1674              	.LASF73:
 1675 04e5 4359424C 		.ascii	"CYBLE_EVT_L2CAP_CONN_PARAM_UPDATE_REQ\000"
 1675      455F4556 
 1675      545F4C32 
 1675      4341505F 
 1675      434F4E4E 
 1676              	.LASF83:
 1677 050b 4359424C 		.ascii	"CYBLE_EVT_L2CAP_CBFC_DATA_WRITE_IND\000"
 1677      455F4556 
 1677      545F4C32 
 1677      4341505F 
 1677      43424643 
ARM GAS  C:\Users\crazy\AppData\Local\Temp\ccYbvRso.s 			page 38


 1678              	.LASF131:
 1679 052f 61747472 		.ascii	"attrHandle\000"
 1679      48616E64 
 1679      6C6500
 1680              	.LASF7:
 1681 053a 6C6F6E67 		.ascii	"long long unsigned int\000"
 1681      206C6F6E 
 1681      6720756E 
 1681      7369676E 
 1681      65642069 
 1682              	.LASF130:
 1683 0551 76616C75 		.ascii	"value\000"
 1683      6500
 1684              	.LASF70:
 1685 0557 4359424C 		.ascii	"CYBLE_EVT_GATTC_STOP_CMD_COMPLETE\000"
 1685      455F4556 
 1685      545F4741 
 1685      5454435F 
 1685      53544F50 
 1686              	.LASF94:
 1687 0579 4359424C 		.ascii	"CYBLE_ERROR_OOB_NOT_AVAILABLE\000"
 1687      455F4552 
 1687      524F525F 
 1687      4F4F425F 
 1687      4E4F545F 
 1688              	.LASF85:
 1689 0597 4359424C 		.ascii	"CYBLE_EVT_LE_PING_AUTH_TIMEOUT\000"
 1689      455F4556 
 1689      545F4C45 
 1689      5F50494E 
 1689      475F4155 
 1690              	.LASF103:
 1691 05b6 4359424C 		.ascii	"CYBLE_ERROR_L2CAP_PSM_ALREADY_REGISTERED\000"
 1691      455F4552 
 1691      524F525F 
 1691      4C324341 
 1691      505F5053 
 1692              	.LASF5:
 1693 05df 6C6F6E67 		.ascii	"long unsigned int\000"
 1693      20756E73 
 1693      69676E65 
 1693      6420696E 
 1693      7400
 1694              	.LASF44:
 1695 05f1 4359424C 		.ascii	"CYBLE_EVT_GAP_CONN_ESTB\000"
 1695      455F4556 
 1695      545F4741 
 1695      505F434F 
 1695      4E4E5F45 
 1696              	.LASF60:
 1697 0609 4359424C 		.ascii	"CYBLE_EVT_GATTS_WRITE_REQ\000"
 1697      455F4556 
 1697      545F4741 
 1697      5454535F 
 1697      57524954 
 1698              	.LASF52:
 1699 0623 4359424C 		.ascii	"CYBLE_EVT_GATTC_XCHNG_MTU_RSP\000"
ARM GAS  C:\Users\crazy\AppData\Local\Temp\ccYbvRso.s 			page 39


 1699      455F4556 
 1699      545F4741 
 1699      5454435F 
 1699      5843484E 
 1700              	.LASF69:
 1701 0641 4359424C 		.ascii	"CYBLE_EVT_GATTS_DATA_SIGNED_CMD_REQ\000"
 1701      455F4556 
 1701      545F4741 
 1701      5454535F 
 1701      44415441 
 1702              	.LASF72:
 1703 0665 4359424C 		.ascii	"CYBLE_EVT_GATTC_LONG_PROCEDURE_END\000"
 1703      455F4556 
 1703      545F4741 
 1703      5454435F 
 1703      4C4F4E47 
 1704              	.LASF106:
 1705 0688 4359424C 		.ascii	"CYBLE_ERROR_L2CAP_CHANNEL_NOT_FOUND\000"
 1705      455F4552 
 1705      524F525F 
 1705      4C324341 
 1705      505F4348 
 1706              	.LASF142:
 1707 06ac 6576656E 		.ascii	"event\000"
 1707      7400
 1708              	.LASF118:
 1709 06b2 4359424C 		.ascii	"CYBLE_ERROR_NTF_DISABLED\000"
 1709      455F4552 
 1709      524F525F 
 1709      4E54465F 
 1709      44495341 
 1710              	.LASF17:
 1711 06cb 4359424C 		.ascii	"CYBLE_EVT_HOST_INVALID\000"
 1711      455F4556 
 1711      545F484F 
 1711      53545F49 
 1711      4E56414C 
 1712              	.LASF55:
 1713 06e2 4359424C 		.ascii	"CYBLE_EVT_GATTC_FIND_INFO_RSP\000"
 1713      455F4556 
 1713      545F4741 
 1713      5454435F 
 1713      46494E44 
 1714              	.LASF23:
 1715 0700 4359424C 		.ascii	"CYBLE_EVT_MEMORY_REQUEST\000"
 1715      455F4556 
 1715      545F4D45 
 1715      4D4F5259 
 1715      5F524551 
 1716              	.LASF26:
 1717 0719 4359424C 		.ascii	"CYBLE_EVT_GAP_PASSKEY_ENTRY_REQUEST\000"
 1717      455F4556 
 1717      545F4741 
 1717      505F5041 
 1717      53534B45 
 1718              	.LASF31:
 1719 073d 4359424C 		.ascii	"CYBLE_EVT_GAP_DEVICE_CONNECTED\000"
ARM GAS  C:\Users\crazy\AppData\Local\Temp\ccYbvRso.s 			page 40


 1719      455F4556 
 1719      545F4741 
 1719      505F4445 
 1719      56494345 
 1720              	.LASF46:
 1721 075c 4359424C 		.ascii	"CYBLE_EVT_GAP_AUTH_REQ_REPLY_ERR\000"
 1721      455F4556 
 1721      545F4741 
 1721      505F4155 
 1721      54485F52 
 1722              	.LASF148:
 1723 077d 6379426C 		.ascii	"cyBle_state\000"
 1723      655F7374 
 1723      61746500 
 1724              	.LASF153:
 1725 0789 474E5520 		.ascii	"GNU C11 5.4.1 20160609 (release) [ARM/embedded-5-br"
 1725      43313120 
 1725      352E342E 
 1725      31203230 
 1725      31363036 
 1726 07bc 616E6368 		.ascii	"anch revision 237715] -mcpu=cortex-m0 -mthumb -g -O"
 1726      20726576 
 1726      6973696F 
 1726      6E203233 
 1726      37373135 
 1727 07ef 30202D66 		.ascii	"0 -ffunction-sections -ffat-lto-objects\000"
 1727      66756E63 
 1727      74696F6E 
 1727      2D736563 
 1727      74696F6E 
 1728              	.LASF49:
 1729 0817 4359424C 		.ascii	"CYBLE_EVT_GATT_CONNECT_IND\000"
 1729      455F4556 
 1729      545F4741 
 1729      54545F43 
 1729      4F4E4E45 
 1730              	.LASF126:
 1731 0832 61747449 		.ascii	"attId\000"
 1731      6400
 1732              	.LASF75:
 1733 0838 4359424C 		.ascii	"CYBLE_EVT_L2CAP_COMMAND_REJ\000"
 1733      455F4556 
 1733      545F4C32 
 1733      4341505F 
 1733      434F4D4D 
 1734              	.LASF24:
 1735 0854 4359424C 		.ascii	"CYBLE_EVT_GAPC_SCAN_PROGRESS_RESULT\000"
 1735      455F4556 
 1735      545F4741 
 1735      50435F53 
 1735      43414E5F 
 1736              	.LASF134:
 1737 0878 68616E64 		.ascii	"handleValPair\000"
 1737      6C655661 
 1737      6C506169 
 1737      7200
 1738              	.LASF47:
ARM GAS  C:\Users\crazy\AppData\Local\Temp\ccYbvRso.s 			page 41


 1739 0886 4359424C 		.ascii	"CYBLE_EVT_GAP_SMP_LOC_P256_KEYS_GEN_AND_SET_COMPLET"
 1739      455F4556 
 1739      545F4741 
 1739      505F534D 
 1739      505F4C4F 
 1740 08b9 4500     		.ascii	"E\000"
 1741              	.LASF117:
 1742 08bb 4359424C 		.ascii	"CYBLE_ERROR_MAX\000"
 1742      455F4552 
 1742      524F525F 
 1742      4D415800 
 1743              	.LASF114:
 1744 08cb 4359424C 		.ascii	"CYBLE_ERROR_FLASH_WRITE\000"
 1744      455F4552 
 1744      524F525F 
 1744      464C4153 
 1744      485F5752 
 1745              	.LASF54:
 1746 08e3 4359424C 		.ascii	"CYBLE_EVT_GATTC_READ_BY_TYPE_RSP\000"
 1746      455F4556 
 1746      545F4741 
 1746      5454435F 
 1746      52454144 
 1747              	.LASF16:
 1748 0904 73697A65 		.ascii	"sizetype\000"
 1748      74797065 
 1748      00
 1749              	.LASF135:
 1750 090d 4359424C 		.ascii	"CYBLE_GATTS_WRITE_REQ_PARAM_T\000"
 1750      455F4741 
 1750      5454535F 
 1750      57524954 
 1750      455F5245 
 1751              	.LASF137:
 1752 092b 4359424C 		.ascii	"CYBLE_STATE_INITIALIZING\000"
 1752      455F5354 
 1752      4154455F 
 1752      494E4954 
 1752      49414C49 
 1753              	.LASF154:
 1754 0944 4576656E 		.ascii	"EventHandler.c\000"
 1754      7448616E 
 1754      646C6572 
 1754      2E6300
 1755              	.LASF149:
 1756 0953 6379426C 		.ascii	"cyBle_connHandle\000"
 1756      655F636F 
 1756      6E6E4861 
 1756      6E646C65 
 1756      00
 1757              	.LASF61:
 1758 0964 4359424C 		.ascii	"CYBLE_EVT_GATTC_WRITE_RSP\000"
 1758      455F4556 
 1758      545F4741 
 1758      5454435F 
 1758      57524954 
 1759              	.LASF42:
ARM GAS  C:\Users\crazy\AppData\Local\Temp\ccYbvRso.s 			page 42


 1760 097e 4359424C 		.ascii	"CYBLE_EVT_GAPC_DIRECT_ADV_REPORT\000"
 1760      455F4556 
 1760      545F4741 
 1760      50435F44 
 1760      49524543 
 1761              	.LASF40:
 1762 099f 4359424C 		.ascii	"CYBLE_EVT_GAP_DATA_LENGTH_CHANGE\000"
 1762      455F4556 
 1762      545F4741 
 1762      505F4441 
 1762      54415F4C 
 1763              	.LASF45:
 1764 09c0 4359424C 		.ascii	"CYBLE_EVT_GAP_SCAN_REQ_RECVD\000"
 1764      455F4556 
 1764      545F4741 
 1764      505F5343 
 1764      414E5F52 
 1765              	.LASF150:
 1766 09dd 64657669 		.ascii	"deviceConnected\000"
 1766      6365436F 
 1766      6E6E6563 
 1766      74656400 
 1767              	.LASF28:
 1768 09ed 4359424C 		.ascii	"CYBLE_EVT_GAP_AUTH_COMPLETE\000"
 1768      455F4556 
 1768      545F4741 
 1768      505F4155 
 1768      54485F43 
 1769              	.LASF146:
 1770 0a09 61706952 		.ascii	"apiResult\000"
 1770      6573756C 
 1770      7400
 1771              	.LASF123:
 1772 0a13 4359424C 		.ascii	"CYBLE_API_RESULT_T\000"
 1772      455F4150 
 1772      495F5245 
 1772      53554C54 
 1772      5F5400
 1773              	.LASF66:
 1774 0a26 4359424C 		.ascii	"CYBLE_EVT_GATTC_HANDLE_VALUE_NTF\000"
 1774      455F4556 
 1774      545F4741 
 1774      5454435F 
 1774      48414E44 
 1775              	.LASF119:
 1776 0a47 4359424C 		.ascii	"CYBLE_ERROR_IND_DISABLED\000"
 1776      455F4552 
 1776      524F525F 
 1776      494E445F 
 1776      44495341 
 1777              	.LASF132:
 1778 0a60 4359424C 		.ascii	"CYBLE_GATT_HANDLE_VALUE_PAIR_T\000"
 1778      455F4741 
 1778      54545F48 
 1778      414E444C 
 1778      455F5641 
 1779              	.LASF77:
ARM GAS  C:\Users\crazy\AppData\Local\Temp\ccYbvRso.s 			page 43


 1780 0a7f 4359424C 		.ascii	"CYBLE_EVT_L2CAP_CBFC_CONN_CNF\000"
 1780      455F4556 
 1780      545F4C32 
 1780      4341505F 
 1780      43424643 
 1781              	.LASF53:
 1782 0a9d 4359424C 		.ascii	"CYBLE_EVT_GATTC_READ_BY_GROUP_TYPE_RSP\000"
 1782      455F4556 
 1782      545F4741 
 1782      5454435F 
 1782      52454144 
 1783              	.LASF12:
 1784 0ac4 666C6F61 		.ascii	"float\000"
 1784      7400
 1785              	.LASF29:
 1786 0aca 4359424C 		.ascii	"CYBLE_EVT_GAP_AUTH_FAILED\000"
 1786      455F4556 
 1786      545F4741 
 1786      505F4155 
 1786      54485F46 
 1787              	.LASF99:
 1788 0ae4 4359424C 		.ascii	"CYBLE_ERROR_TX_POWER_READ\000"
 1788      455F4552 
 1788      524F525F 
 1788      54585F50 
 1788      4F574552 
 1789              	.LASF120:
 1790 0afe 4359424C 		.ascii	"CYBLE_ERROR_CHAR_IS_NOT_DISCOVERED\000"
 1790      455F4552 
 1790      524F525F 
 1790      43484152 
 1790      5F49535F 
 1791              	.LASF155:
 1792 0b21 443A5C44 		.ascii	"D:\\Dropbox (School)\\Manhattan\\Embedded Systems\\"
 1792      726F7062 
 1792      6F782028 
 1792      5363686F 
 1792      6F6C295C 
 1793 0b50 50726F6A 		.ascii	"Project\\CySmartDisplay\\CySmartDisplay.cydsn\000"
 1793      6563745C 
 1793      4379536D 
 1793      61727444 
 1793      6973706C 
 1794              	.LASF1:
 1795 0b7c 756E7369 		.ascii	"unsigned char\000"
 1795      676E6564 
 1795      20636861 
 1795      7200
 1796              	.LASF10:
 1797 0b8a 75696E74 		.ascii	"uint16\000"
 1797      313600
 1798              	.LASF38:
 1799 0b91 4359424C 		.ascii	"CYBLE_EVT_GAP_KEYPRESS_NOTIFICATION\000"
 1799      455F4556 
 1799      545F4741 
 1799      505F4B45 
 1799      59505245 
ARM GAS  C:\Users\crazy\AppData\Local\Temp\ccYbvRso.s 			page 44


 1800              	.LASF2:
 1801 0bb5 73686F72 		.ascii	"short int\000"
 1801      7420696E 
 1801      7400
 1802              	.LASF67:
 1803 0bbf 4359424C 		.ascii	"CYBLE_EVT_GATTC_HANDLE_VALUE_IND\000"
 1803      455F4556 
 1803      545F4741 
 1803      5454435F 
 1803      48414E44 
 1804              	.LASF86:
 1805 0be0 4359424C 		.ascii	"CYBLE_EVT_HCI_PKT\000"
 1805      455F4556 
 1805      545F4843 
 1805      495F504B 
 1805      5400
 1806              	.LASF95:
 1807 0bf2 4359424C 		.ascii	"CYBLE_ERROR_NO_CONNECTION\000"
 1807      455F4552 
 1807      524F525F 
 1807      4E4F5F43 
 1807      4F4E4E45 
 1808              	.LASF63:
 1809 0c0c 4359424C 		.ascii	"CYBLE_EVT_GATTS_PREP_WRITE_REQ\000"
 1809      455F4556 
 1809      545F4741 
 1809      5454535F 
 1809      50524550 
 1810              	.LASF115:
 1811 0c2b 4359424C 		.ascii	"CYBLE_ERROR_LL_SAME_TRANSACTION_COLLISION\000"
 1811      455F4552 
 1811      524F525F 
 1811      4C4C5F53 
 1811      414D455F 
 1812              	.LASF68:
 1813 0c55 4359424C 		.ascii	"CYBLE_EVT_GATTS_HANDLE_VALUE_CNF\000"
 1813      455F4556 
 1813      545F4741 
 1813      5454535F 
 1813      48414E44 
 1814              	.LASF97:
 1815 0c76 4359424C 		.ascii	"CYBLE_ERROR_REPEATED_ATTEMPTS\000"
 1815      455F4552 
 1815      524F525F 
 1815      52455045 
 1815      41544544 
 1816              	.LASF43:
 1817 0c94 4359424C 		.ascii	"CYBLE_EVT_GAP_SMP_NEGOTIATED_AUTH_INFO\000"
 1817      455F4556 
 1817      545F4741 
 1817      505F534D 
 1817      505F4E45 
 1818              	.LASF122:
 1819 0cbb 4359424C 		.ascii	"CYBLE_ERROR_STACK_BUSY\000"
 1819      455F4552 
 1819      524F525F 
 1819      53544143 
ARM GAS  C:\Users\crazy\AppData\Local\Temp\ccYbvRso.s 			page 45


 1819      4B5F4255 
 1820              	.LASF15:
 1821 0cd2 6C6F6E67 		.ascii	"long double\000"
 1821      20646F75 
 1821      626C6500 
 1822              	.LASF14:
 1823 0cde 63686172 		.ascii	"char\000"
 1823      00
 1824              	.LASF100:
 1825 0ce3 4359424C 		.ascii	"CYBLE_ERROR_BT_ON_NOT_COMPLETED\000"
 1825      455F4552 
 1825      524F525F 
 1825      42545F4F 
 1825      4E5F4E4F 
 1826              	.LASF32:
 1827 0d03 4359424C 		.ascii	"CYBLE_EVT_GAP_DEVICE_DISCONNECTED\000"
 1827      455F4556 
 1827      545F4741 
 1827      505F4445 
 1827      56494345 
 1828              	.LASF8:
 1829 0d25 756E7369 		.ascii	"unsigned int\000"
 1829      676E6564 
 1829      20696E74 
 1829      00
 1830              	.LASF71:
 1831 0d32 4359424C 		.ascii	"CYBLE_EVT_GATTS_READ_CHAR_VAL_ACCESS_REQ\000"
 1831      455F4556 
 1831      545F4741 
 1831      5454535F 
 1831      52454144 
 1832              	.LASF151:
 1833 0d5b 62756666 		.ascii	"buffer\000"
 1833      657200
 1834              	.LASF82:
 1835 0d62 4359424C 		.ascii	"CYBLE_EVT_L2CAP_CBFC_TX_CREDIT_IND\000"
 1835      455F4556 
 1835      545F4C32 
 1835      4341505F 
 1835      43424643 
 1836              	.LASF110:
 1837 0d85 4359424C 		.ascii	"CYBLE_ERROR_FLASH_WRITE_NOT_PERMITED\000"
 1837      455F4552 
 1837      524F525F 
 1837      464C4153 
 1837      485F5752 
 1838              	.LASF105:
 1839 0daa 4359424C 		.ascii	"CYBLE_ERROR_L2CAP_CONNECTION_ENTITY_NOT_FOUND\000"
 1839      455F4552 
 1839      524F525F 
 1839      4C324341 
 1839      505F434F 
 1840              	.LASF27:
 1841 0dd8 4359424C 		.ascii	"CYBLE_EVT_GAP_PASSKEY_DISPLAY_REQUEST\000"
 1841      455F4556 
 1841      545F4741 
 1841      505F5041 
ARM GAS  C:\Users\crazy\AppData\Local\Temp\ccYbvRso.s 			page 46


 1841      53534B45 
 1842              	.LASF20:
 1843 0dfe 4359424C 		.ascii	"CYBLE_EVT_HARDWARE_ERROR\000"
 1843      455F4556 
 1843      545F4841 
 1843      52445741 
 1843      52455F45 
 1844              	.LASF3:
 1845 0e17 73686F72 		.ascii	"short unsigned int\000"
 1845      7420756E 
 1845      7369676E 
 1845      65642069 
 1845      6E7400
 1846              	.LASF91:
 1847 0e2a 4359424C 		.ascii	"CYBLE_ERROR_INVALID_OPERATION\000"
 1847      455F4552 
 1847      524F525F 
 1847      494E5641 
 1847      4C49445F 
 1848              	.LASF51:
 1849 0e48 4359424C 		.ascii	"CYBLE_EVT_GATTS_XCNHG_MTU_REQ\000"
 1849      455F4556 
 1849      545F4741 
 1849      5454535F 
 1849      58434E48 
 1850              	.LASF143:
 1851 0e66 6576656E 		.ascii	"eventParam\000"
 1851      74506172 
 1851      616D00
 1852              	.LASF93:
 1853 0e71 4359424C 		.ascii	"CYBLE_ERROR_INSUFFICIENT_RESOURCES\000"
 1853      455F4552 
 1853      524F525F 
 1853      494E5355 
 1853      46464943 
 1854              	.LASF145:
 1855 0e94 55706461 		.ascii	"UpdateCharacteristics\000"
 1855      74654368 
 1855      61726163 
 1855      74657269 
 1855      73746963 
 1856              	.LASF141:
 1857 0eaa 4359424C 		.ascii	"CYBLE_STATE_T\000"
 1857      455F5354 
 1857      4154455F 
 1857      5400
 1858              	.LASF58:
 1859 0eb8 4359424C 		.ascii	"CYBLE_EVT_GATTC_READ_BLOB_RSP\000"
 1859      455F4556 
 1859      545F4741 
 1859      5454435F 
 1859      52454144 
 1860              	.LASF116:
 1861 0ed6 4359424C 		.ascii	"CYBLE_ERROR_CONTROLLER_BUSY\000"
 1861      455F4552 
 1861      524F525F 
 1861      434F4E54 
ARM GAS  C:\Users\crazy\AppData\Local\Temp\ccYbvRso.s 			page 47


 1861      524F4C4C 
 1862              	.LASF144:
 1863 0ef2 53746163 		.ascii	"StackEventHandler\000"
 1863      6B457665 
 1863      6E744861 
 1863      6E646C65 
 1863      7200
 1864              	.LASF111:
 1865 0f04 4359424C 		.ascii	"CYBLE_ERROR_MIC_AUTH_FAILED\000"
 1865      455F4552 
 1865      524F525F 
 1865      4D49435F 
 1865      41555448 
 1866              	.LASF104:
 1867 0f20 4359424C 		.ascii	"CYBLE_ERROR_L2CAP_PSM_NOT_REGISTERED\000"
 1867      455F4552 
 1867      524F525F 
 1867      4C324341 
 1867      505F5053 
 1868              	.LASF138:
 1869 0f45 4359424C 		.ascii	"CYBLE_STATE_CONNECTED\000"
 1869      455F5354 
 1869      4154455F 
 1869      434F4E4E 
 1869      45435445 
 1870              	.LASF56:
 1871 0f5b 4359424C 		.ascii	"CYBLE_EVT_GATTC_FIND_BY_TYPE_VALUE_RSP\000"
 1871      455F4556 
 1871      545F4741 
 1871      5454435F 
 1871      46494E44 
 1872              	.LASF98:
 1873 0f82 4359424C 		.ascii	"CYBLE_ERROR_GAP_ROLE\000"
 1873      455F4552 
 1873      524F525F 
 1873      4741505F 
 1873      524F4C45 
 1874              	.LASF36:
 1875 0f97 4359424C 		.ascii	"CYBLE_EVT_GAP_KEYINFO_EXCHNGE_CMPLT\000"
 1875      455F4556 
 1875      545F4741 
 1875      505F4B45 
 1875      59494E46 
 1876              	.LASF125:
 1877 0fbb 62644861 		.ascii	"bdHandle\000"
 1877      6E646C65 
 1877      00
 1878              	.LASF147:
 1879 0fc4 6D657373 		.ascii	"message\000"
 1879      61676500 
 1880              	.LASF74:
 1881 0fcc 4359424C 		.ascii	"CYBLE_EVT_L2CAP_CONN_PARAM_UPDATE_RSP\000"
 1881      455F4556 
 1881      545F4C32 
 1881      4341505F 
 1881      434F4E4E 
 1882              	.LASF41:
ARM GAS  C:\Users\crazy\AppData\Local\Temp\ccYbvRso.s 			page 48


 1883 0ff2 4359424C 		.ascii	"CYBLE_EVT_GAP_ENHANCE_CONN_COMPLETE\000"
 1883      455F4556 
 1883      545F4741 
 1883      505F454E 
 1883      48414E43 
 1884              	.LASF124:
 1885 1016 4359424C 		.ascii	"CYBLE_GATT_DB_ATTR_HANDLE_T\000"
 1885      455F4741 
 1885      54545F44 
 1885      425F4154 
 1885      54525F48 
 1886              	.LASF50:
 1887 1032 4359424C 		.ascii	"CYBLE_EVT_GATT_DISCONNECT_IND\000"
 1887      455F4556 
 1887      545F4741 
 1887      54545F44 
 1887      4953434F 
 1888              	.LASF108:
 1889 1050 4359424C 		.ascii	"CYBLE_ERROR_GATT_DB_INVALID_ATTR_HANDLE\000"
 1889      455F4552 
 1889      524F525F 
 1889      47415454 
 1889      5F44425F 
 1890              	.LASF87:
 1891 1078 4359424C 		.ascii	"CYBLE_EVT_FLASH_CORRUPT\000"
 1891      455F4556 
 1891      545F464C 
 1891      4153485F 
 1891      434F5252 
 1892              		.ident	"GCC: (GNU Tools for ARM Embedded Processors) 5.4.1 20160609 (release) [ARM/embedded-5-bran
