ARM GAS  C:\Users\crazy\AppData\Local\Temp\ccnZnQqX.s 			page 1


   1              		.syntax unified
   2              		.cpu cortex-m0
   3              		.fpu softvfp
   4              		.eabi_attribute 20, 1
   5              		.eabi_attribute 21, 1
   6              		.eabi_attribute 23, 3
   7              		.eabi_attribute 24, 1
   8              		.eabi_attribute 25, 1
   9              		.eabi_attribute 26, 1
  10              		.eabi_attribute 30, 6
  11              		.eabi_attribute 34, 0
  12              		.eabi_attribute 18, 4
  13              		.thumb
  14              		.syntax unified
  15              		.file	"main.c"
  16              		.text
  17              	.Ltext0:
  18              		.cfi_sections	.debug_frame
  19              		.comm	deviceConnected,1,1
  20              		.section	.rodata
  21              		.align	2
  22              	.LC0:
  23 0000 50536F43 		.ascii	"PSoC Rocks!!\000"
  23      20526F63 
  23      6B732121 
  23      00
  24              		.section	.text.main,"ax",%progbits
  25              		.align	2
  26              		.global	main
  27              		.code	16
  28              		.thumb_func
  29              		.type	main, %function
  30              	main:
  31              	.LFB36:
  32              		.file 1 "main.c"
   1:main.c        **** /* ========================================
   2:main.c        ****  *
   3:main.c        ****  * Copyright YOUR COMPANY, THE YEAR
   4:main.c        ****  * All Rights Reserved
   5:main.c        ****  * UNPUBLISHED, LICENSED SOFTWARE.
   6:main.c        ****  *
   7:main.c        ****  * CONFIDENTIAL AND PROPRIETARY INFORMATION
   8:main.c        ****  * WHICH IS THE PROPERTY OF your company.
   9:main.c        ****  *
  10:main.c        ****  * ========================================
  11:main.c        **** */
  12:main.c        **** #include <main.h>
  13:main.c        **** 
  14:main.c        **** int main()
  15:main.c        **** {
  33              		.loc 1 15 0
  34              		.cfi_startproc
  35              		@ args = 0, pretend = 0, frame = 0
  36              		@ frame_needed = 1, uses_anonymous_args = 0
  37 0000 80B5     		push	{r7, lr}
  38              		.cfi_def_cfa_offset 8
  39              		.cfi_offset 7, -8
ARM GAS  C:\Users\crazy\AppData\Local\Temp\ccnZnQqX.s 			page 2


  40              		.cfi_offset 14, -4
  41 0002 00AF     		add	r7, sp, #0
  42              		.cfi_def_cfa_register 7
  16:main.c        ****     /* Place your initialization/startup code here (e.g. MyInst_Start()) */
  17:main.c        ****     StandardDisplayInit();
  43              		.loc 1 17 0
  44 0004 FFF7FEFF 		bl	StandardDisplayInit
  18:main.c        ****     
  19:main.c        ****     CyGlobalIntEnable;
  45              		.loc 1 19 0
  46              		.syntax divided
  47              	@ 19 "main.c" 1
  48 0008 62B6     		CPSIE   i
  49              	@ 0 "" 2
  20:main.c        ****     
  21:main.c        ****     DisplayMessage("PSoC Rocks!!", 12);
  50              		.loc 1 21 0
  51              		.thumb
  52              		.syntax unified
  53 000a 064B     		ldr	r3, .L3
  54 000c 0C21     		movs	r1, #12
  55 000e 1800     		movs	r0, r3
  56 0010 FFF7FEFF 		bl	DisplayMessage
  22:main.c        ****     
  23:main.c        ****     CyBle_Start(StackEventHandler);
  57              		.loc 1 23 0
  58 0014 044B     		ldr	r3, .L3+4
  59 0016 1800     		movs	r0, r3
  60 0018 FFF7FEFF 		bl	CyBle_Start
  61              	.L2:
  24:main.c        ****     
  25:main.c        ****     while(1)
  26:main.c        ****     {
  27:main.c        ****         /* CyBle_ProcessEvents() allows BLE stack to process pending events */
  28:main.c        ****         CyBle_ProcessEvents();
  62              		.loc 1 28 0 discriminator 1
  63 001c FFF7FEFF 		bl	CyBle_ProcessEvents
  29:main.c        ****     }
  64              		.loc 1 29 0 discriminator 1
  65 0020 FCE7     		b	.L2
  66              	.L4:
  67 0022 C046     		.align	2
  68              	.L3:
  69 0024 00000000 		.word	.LC0
  70 0028 00000000 		.word	StackEventHandler
  71              		.cfi_endproc
  72              	.LFE36:
  73              		.size	main, .-main
  74              		.text
  75              	.Letext0:
  76              		.file 2 "Generated_Source\\PSoC4/cytypes.h"
  77              		.file 3 "Generated_Source\\PSoC4/BLE_Stack.h"
  78              		.file 4 "./main.h"
  79              		.section	.debug_info,"",%progbits
  80              	.Ldebug_info0:
  81 0000 7B020000 		.4byte	0x27b
  82 0004 0400     		.2byte	0x4
ARM GAS  C:\Users\crazy\AppData\Local\Temp\ccnZnQqX.s 			page 3


  83 0006 00000000 		.4byte	.Ldebug_abbrev0
  84 000a 04       		.byte	0x4
  85 000b 01       		.uleb128 0x1
  86 000c FF030000 		.4byte	.LASF86
  87 0010 0C       		.byte	0xc
  88 0011 F7070000 		.4byte	.LASF87
  89 0015 DB040000 		.4byte	.LASF88
  90 0019 00000000 		.4byte	.Ldebug_ranges0+0
  91 001d 00000000 		.4byte	0
  92 0021 00000000 		.4byte	.Ldebug_line0
  93 0025 02       		.uleb128 0x2
  94 0026 01       		.byte	0x1
  95 0027 06       		.byte	0x6
  96 0028 A0050000 		.4byte	.LASF0
  97 002c 02       		.uleb128 0x2
  98 002d 01       		.byte	0x1
  99 002e 08       		.byte	0x8
 100 002f 36050000 		.4byte	.LASF1
 101 0033 02       		.uleb128 0x2
 102 0034 02       		.byte	0x2
 103 0035 05       		.byte	0x5
 104 0036 A5000000 		.4byte	.LASF2
 105 003a 02       		.uleb128 0x2
 106 003b 02       		.byte	0x2
 107 003c 07       		.byte	0x7
 108 003d D3060000 		.4byte	.LASF3
 109 0041 02       		.uleb128 0x2
 110 0042 04       		.byte	0x4
 111 0043 05       		.byte	0x5
 112 0044 2B030000 		.4byte	.LASF4
 113 0048 02       		.uleb128 0x2
 114 0049 04       		.byte	0x4
 115 004a 07       		.byte	0x7
 116 004b 31060000 		.4byte	.LASF5
 117 004f 02       		.uleb128 0x2
 118 0050 08       		.byte	0x8
 119 0051 05       		.byte	0x5
 120 0052 68080000 		.4byte	.LASF6
 121 0056 02       		.uleb128 0x2
 122 0057 08       		.byte	0x8
 123 0058 07       		.byte	0x7
 124 0059 F3020000 		.4byte	.LASF7
 125 005d 03       		.uleb128 0x3
 126 005e 04       		.byte	0x4
 127 005f 05       		.byte	0x5
 128 0060 696E7400 		.ascii	"int\000"
 129 0064 02       		.uleb128 0x2
 130 0065 04       		.byte	0x4
 131 0066 07       		.byte	0x7
 132 0067 09060000 		.4byte	.LASF8
 133 006b 04       		.uleb128 0x4
 134 006c 95070000 		.4byte	.LASF89
 135 0070 02       		.byte	0x2
 136 0071 E401     		.2byte	0x1e4
 137 0073 2C000000 		.4byte	0x2c
 138 0077 02       		.uleb128 0x2
 139 0078 04       		.byte	0x4
ARM GAS  C:\Users\crazy\AppData\Local\Temp\ccnZnQqX.s 			page 4


 140 0079 04       		.byte	0x4
 141 007a 8A020000 		.4byte	.LASF9
 142 007e 02       		.uleb128 0x2
 143 007f 08       		.byte	0x8
 144 0080 04       		.byte	0x4
 145 0081 21080000 		.4byte	.LASF10
 146 0085 02       		.uleb128 0x2
 147 0086 01       		.byte	0x1
 148 0087 08       		.byte	0x8
 149 0088 74070000 		.4byte	.LASF11
 150 008c 02       		.uleb128 0x2
 151 008d 08       		.byte	0x8
 152 008e 04       		.byte	0x4
 153 008f CF040000 		.4byte	.LASF12
 154 0093 02       		.uleb128 0x2
 155 0094 04       		.byte	0x4
 156 0095 07       		.byte	0x7
 157 0096 E7000000 		.4byte	.LASF13
 158 009a 05       		.uleb128 0x5
 159 009b 01       		.byte	0x1
 160 009c 2C000000 		.4byte	0x2c
 161 00a0 03       		.byte	0x3
 162 00a1 3501     		.2byte	0x135
 163 00a3 58020000 		.4byte	0x258
 164 00a7 06       		.uleb128 0x6
 165 00a8 34020000 		.4byte	.LASF14
 166 00ac 00       		.byte	0
 167 00ad 06       		.uleb128 0x6
 168 00ae 6A010000 		.4byte	.LASF15
 169 00b2 01       		.byte	0x1
 170 00b3 06       		.uleb128 0x6
 171 00b4 7F090000 		.4byte	.LASF16
 172 00b8 02       		.byte	0x2
 173 00b9 06       		.uleb128 0x6
 174 00ba 76080000 		.4byte	.LASF17
 175 00be 03       		.byte	0x3
 176 00bf 06       		.uleb128 0x6
 177 00c0 16010000 		.4byte	.LASF18
 178 00c4 04       		.byte	0x4
 179 00c5 06       		.uleb128 0x6
 180 00c6 BD030000 		.4byte	.LASF19
 181 00ca 05       		.byte	0x5
 182 00cb 06       		.uleb128 0x6
 183 00cc 3E000000 		.4byte	.LASF20
 184 00d0 06       		.byte	0x6
 185 00d1 06       		.uleb128 0x6
 186 00d2 D4080000 		.4byte	.LASF21
 187 00d6 20       		.byte	0x20
 188 00d7 06       		.uleb128 0x6
 189 00d8 43060000 		.4byte	.LASF22
 190 00dc 21       		.byte	0x21
 191 00dd 06       		.uleb128 0x6
 192 00de 00000000 		.4byte	.LASF23
 193 00e2 22       		.byte	0x22
 194 00e3 06       		.uleb128 0x6
 195 00e4 D9030000 		.4byte	.LASF24
 196 00e8 23       		.byte	0x23
ARM GAS  C:\Users\crazy\AppData\Local\Temp\ccnZnQqX.s 			page 5


 197 00e9 06       		.uleb128 0x6
 198 00ea ED050000 		.4byte	.LASF25
 199 00ee 24       		.byte	0x24
 200 00ef 06       		.uleb128 0x6
 201 00f0 AF000000 		.4byte	.LASF26
 202 00f4 25       		.byte	0x25
 203 00f5 06       		.uleb128 0x6
 204 00f6 74030000 		.4byte	.LASF27
 205 00fa 26       		.byte	0x26
 206 00fb 06       		.uleb128 0x6
 207 00fc 55030000 		.4byte	.LASF28
 208 0100 27       		.byte	0x27
 209 0101 06       		.uleb128 0x6
 210 0102 090A0000 		.4byte	.LASF29
 211 0106 28       		.byte	0x28
 212 0107 06       		.uleb128 0x6
 213 0108 7B060000 		.4byte	.LASF30
 214 010c 29       		.byte	0x29
 215 010d 06       		.uleb128 0x6
 216 010e FE060000 		.4byte	.LASF31
 217 0112 2A       		.byte	0x2a
 218 0113 06       		.uleb128 0x6
 219 0114 D8070000 		.4byte	.LASF32
 220 0118 2B       		.byte	0x2b
 221 0119 06       		.uleb128 0x6
 222 011a D0010000 		.4byte	.LASF33
 223 011e 2C       		.byte	0x2c
 224 011f 06       		.uleb128 0x6
 225 0120 A9020000 		.4byte	.LASF34
 226 0124 2D       		.byte	0x2d
 227 0125 06       		.uleb128 0x6
 228 0126 81000000 		.4byte	.LASF35
 229 012a 2E       		.byte	0x2e
 230 012b 06       		.uleb128 0x6
 231 012c 610A0000 		.4byte	.LASF36
 232 0130 2F       		.byte	0x2f
 233 0131 06       		.uleb128 0x6
 234 0132 F0000000 		.4byte	.LASF37
 235 0136 30       		.byte	0x30
 236 0137 06       		.uleb128 0x6
 237 0138 AB040000 		.4byte	.LASF38
 238 013c 31       		.byte	0x31
 239 013d 06       		.uleb128 0x6
 240 013e D2020000 		.4byte	.LASF39
 241 0142 32       		.byte	0x32
 242 0143 06       		.uleb128 0x6
 243 0144 27070000 		.4byte	.LASF40
 244 0148 33       		.byte	0x33
 245 0149 06       		.uleb128 0x6
 246 014a 98060000 		.4byte	.LASF41
 247 014e 34       		.byte	0x34
 248 014f 06       		.uleb128 0x6
 249 0150 4B080000 		.4byte	.LASF42
 250 0154 35       		.byte	0x35
 251 0155 06       		.uleb128 0x6
 252 0156 0A030000 		.4byte	.LASF43
 253 015a 36       		.byte	0x36
ARM GAS  C:\Users\crazy\AppData\Local\Temp\ccnZnQqX.s 			page 6


 254 015b 06       		.uleb128 0x6
 255 015c 7D010000 		.4byte	.LASF44
 256 0160 37       		.byte	0x37
 257 0161 06       		.uleb128 0x6
 258 0162 57000000 		.4byte	.LASF45
 259 0166 40       		.byte	0x40
 260 0167 06       		.uleb128 0x6
 261 0168 16060000 		.4byte	.LASF46
 262 016c 41       		.byte	0x41
 263 016d 06       		.uleb128 0x6
 264 016e C9000000 		.4byte	.LASF47
 265 0172 42       		.byte	0x42
 266 0173 06       		.uleb128 0x6
 267 0174 B2010000 		.4byte	.LASF48
 268 0178 43       		.byte	0x43
 269 0179 06       		.uleb128 0x6
 270 017a 3D090000 		.4byte	.LASF49
 271 017e 44       		.byte	0x44
 272 017f 06       		.uleb128 0x6
 273 0180 F8080000 		.4byte	.LASF50
 274 0184 45       		.byte	0x45
 275 0185 06       		.uleb128 0x6
 276 0186 2B010000 		.4byte	.LASF51
 277 018a 46       		.byte	0x46
 278 018b 06       		.uleb128 0x6
 279 018c 82050000 		.4byte	.LASF52
 280 0190 47       		.byte	0x47
 281 0191 06       		.uleb128 0x6
 282 0192 C6050000 		.4byte	.LASF53
 283 0196 48       		.byte	0x48
 284 0197 06       		.uleb128 0x6
 285 0198 90020000 		.4byte	.LASF54
 286 019c 49       		.byte	0x49
 287 019d 06       		.uleb128 0x6
 288 019e 9B070000 		.4byte	.LASF55
 289 01a2 4A       		.byte	0x4a
 290 01a3 06       		.uleb128 0x6
 291 01a4 F4010000 		.4byte	.LASF56
 292 01a8 4B       		.byte	0x4b
 293 01a9 06       		.uleb128 0x6
 294 01aa AC050000 		.4byte	.LASF57
 295 01ae 4C       		.byte	0x4c
 296 01af 06       		.uleb128 0x6
 297 01b0 24000000 		.4byte	.LASF58
 298 01b4 4D       		.byte	0x4d
 299 01b5 06       		.uleb128 0x6
 300 01b6 1F090000 		.4byte	.LASF59
 301 01ba 4E       		.byte	0x4e
 302 01bb 06       		.uleb128 0x6
 303 01bc 44050000 		.4byte	.LASF60
 304 01c0 4F       		.byte	0x4f
 305 01c1 06       		.uleb128 0x6
 306 01c2 EA090000 		.4byte	.LASF61
 307 01c6 50       		.byte	0x50
 308 01c7 06       		.uleb128 0x6
 309 01c8 B9070000 		.4byte	.LASF62
 310 01cc 51       		.byte	0x51
ARM GAS  C:\Users\crazy\AppData\Local\Temp\ccnZnQqX.s 			page 7


 311 01cd 06       		.uleb128 0x6
 312 01ce 9C030000 		.4byte	.LASF63
 313 01d2 52       		.byte	0x52
 314 01d3 06       		.uleb128 0x6
 315 01d4 34030000 		.4byte	.LASF64
 316 01d8 53       		.byte	0x53
 317 01d9 06       		.uleb128 0x6
 318 01da 13020000 		.4byte	.LASF65
 319 01de 54       		.byte	0x54
 320 01df 06       		.uleb128 0x6
 321 01e0 2B0A0000 		.4byte	.LASF66
 322 01e4 55       		.byte	0x55
 323 01e5 06       		.uleb128 0x6
 324 01e6 C8090000 		.4byte	.LASF67
 325 01ea 56       		.byte	0x56
 326 01eb 06       		.uleb128 0x6
 327 01ec 9F090000 		.4byte	.LASF68
 328 01f0 57       		.byte	0x57
 329 01f1 06       		.uleb128 0x6
 330 01f2 B0060000 		.4byte	.LASF69
 331 01f6 58       		.byte	0x58
 332 01f7 06       		.uleb128 0x6
 333 01f8 4E070000 		.4byte	.LASF70
 334 01fc 70       		.byte	0x70
 335 01fd 06       		.uleb128 0x6
 336 01fe AE080000 		.4byte	.LASF71
 337 0202 71       		.byte	0x71
 338 0203 06       		.uleb128 0x6
 339 0204 79070000 		.4byte	.LASF72
 340 0208 72       		.byte	0x72
 341 0209 06       		.uleb128 0x6
 342 020a 4B020000 		.4byte	.LASF73
 343 020e 73       		.byte	0x73
 344 020f 06       		.uleb128 0x6
 345 0210 8D040000 		.4byte	.LASF74
 346 0214 74       		.byte	0x74
 347 0215 06       		.uleb128 0x6
 348 0216 5A060000 		.4byte	.LASF75
 349 021a 75       		.byte	0x75
 350 021b 06       		.uleb128 0x6
 351 021c 69020000 		.4byte	.LASF76
 352 0220 76       		.byte	0x76
 353 0221 06       		.uleb128 0x6
 354 0222 8F080000 		.4byte	.LASF77
 355 0226 77       		.byte	0x77
 356 0227 06       		.uleb128 0x6
 357 0228 FE070000 		.4byte	.LASF78
 358 022c 78       		.byte	0x78
 359 022d 06       		.uleb128 0x6
 360 022e 28080000 		.4byte	.LASF79
 361 0232 79       		.byte	0x79
 362 0233 06       		.uleb128 0x6
 363 0234 5B090000 		.4byte	.LASF80
 364 0238 7A       		.byte	0x7a
 365 0239 06       		.uleb128 0x6
 366 023a 4C010000 		.4byte	.LASF81
 367 023e FA       		.byte	0xfa
ARM GAS  C:\Users\crazy\AppData\Local\Temp\ccnZnQqX.s 			page 8


 368 023f 06       		.uleb128 0x6
 369 0240 63050000 		.4byte	.LASF82
 370 0244 FB       		.byte	0xfb
 371 0245 06       		.uleb128 0x6
 372 0246 4F0A0000 		.4byte	.LASF83
 373 024a FC       		.byte	0xfc
 374 024b 06       		.uleb128 0x6
 375 024c E6060000 		.4byte	.LASF84
 376 0250 FD       		.byte	0xfd
 377 0251 06       		.uleb128 0x6
 378 0252 91090000 		.4byte	.LASF85
 379 0256 FF       		.byte	0xff
 380 0257 00       		.byte	0
 381 0258 07       		.uleb128 0x7
 382 0259 11010000 		.4byte	.LASF90
 383 025d 01       		.byte	0x1
 384 025e 0E       		.byte	0xe
 385 025f 5D000000 		.4byte	0x5d
 386 0263 00000000 		.4byte	.LFB36
 387 0267 2C000000 		.4byte	.LFE36-.LFB36
 388 026b 01       		.uleb128 0x1
 389 026c 9C       		.byte	0x9c
 390 026d 08       		.uleb128 0x8
 391 026e 71000000 		.4byte	.LASF91
 392 0272 04       		.byte	0x4
 393 0273 19       		.byte	0x19
 394 0274 6B000000 		.4byte	0x6b
 395 0278 05       		.uleb128 0x5
 396 0279 03       		.byte	0x3
 397 027a 00000000 		.4byte	deviceConnected
 398 027e 00       		.byte	0
 399              		.section	.debug_abbrev,"",%progbits
 400              	.Ldebug_abbrev0:
 401 0000 01       		.uleb128 0x1
 402 0001 11       		.uleb128 0x11
 403 0002 01       		.byte	0x1
 404 0003 25       		.uleb128 0x25
 405 0004 0E       		.uleb128 0xe
 406 0005 13       		.uleb128 0x13
 407 0006 0B       		.uleb128 0xb
 408 0007 03       		.uleb128 0x3
 409 0008 0E       		.uleb128 0xe
 410 0009 1B       		.uleb128 0x1b
 411 000a 0E       		.uleb128 0xe
 412 000b 55       		.uleb128 0x55
 413 000c 17       		.uleb128 0x17
 414 000d 11       		.uleb128 0x11
 415 000e 01       		.uleb128 0x1
 416 000f 10       		.uleb128 0x10
 417 0010 17       		.uleb128 0x17
 418 0011 00       		.byte	0
 419 0012 00       		.byte	0
 420 0013 02       		.uleb128 0x2
 421 0014 24       		.uleb128 0x24
 422 0015 00       		.byte	0
 423 0016 0B       		.uleb128 0xb
 424 0017 0B       		.uleb128 0xb
ARM GAS  C:\Users\crazy\AppData\Local\Temp\ccnZnQqX.s 			page 9


 425 0018 3E       		.uleb128 0x3e
 426 0019 0B       		.uleb128 0xb
 427 001a 03       		.uleb128 0x3
 428 001b 0E       		.uleb128 0xe
 429 001c 00       		.byte	0
 430 001d 00       		.byte	0
 431 001e 03       		.uleb128 0x3
 432 001f 24       		.uleb128 0x24
 433 0020 00       		.byte	0
 434 0021 0B       		.uleb128 0xb
 435 0022 0B       		.uleb128 0xb
 436 0023 3E       		.uleb128 0x3e
 437 0024 0B       		.uleb128 0xb
 438 0025 03       		.uleb128 0x3
 439 0026 08       		.uleb128 0x8
 440 0027 00       		.byte	0
 441 0028 00       		.byte	0
 442 0029 04       		.uleb128 0x4
 443 002a 16       		.uleb128 0x16
 444 002b 00       		.byte	0
 445 002c 03       		.uleb128 0x3
 446 002d 0E       		.uleb128 0xe
 447 002e 3A       		.uleb128 0x3a
 448 002f 0B       		.uleb128 0xb
 449 0030 3B       		.uleb128 0x3b
 450 0031 05       		.uleb128 0x5
 451 0032 49       		.uleb128 0x49
 452 0033 13       		.uleb128 0x13
 453 0034 00       		.byte	0
 454 0035 00       		.byte	0
 455 0036 05       		.uleb128 0x5
 456 0037 04       		.uleb128 0x4
 457 0038 01       		.byte	0x1
 458 0039 0B       		.uleb128 0xb
 459 003a 0B       		.uleb128 0xb
 460 003b 49       		.uleb128 0x49
 461 003c 13       		.uleb128 0x13
 462 003d 3A       		.uleb128 0x3a
 463 003e 0B       		.uleb128 0xb
 464 003f 3B       		.uleb128 0x3b
 465 0040 05       		.uleb128 0x5
 466 0041 01       		.uleb128 0x1
 467 0042 13       		.uleb128 0x13
 468 0043 00       		.byte	0
 469 0044 00       		.byte	0
 470 0045 06       		.uleb128 0x6
 471 0046 28       		.uleb128 0x28
 472 0047 00       		.byte	0
 473 0048 03       		.uleb128 0x3
 474 0049 0E       		.uleb128 0xe
 475 004a 1C       		.uleb128 0x1c
 476 004b 0B       		.uleb128 0xb
 477 004c 00       		.byte	0
 478 004d 00       		.byte	0
 479 004e 07       		.uleb128 0x7
 480 004f 2E       		.uleb128 0x2e
 481 0050 00       		.byte	0
ARM GAS  C:\Users\crazy\AppData\Local\Temp\ccnZnQqX.s 			page 10


 482 0051 3F       		.uleb128 0x3f
 483 0052 19       		.uleb128 0x19
 484 0053 03       		.uleb128 0x3
 485 0054 0E       		.uleb128 0xe
 486 0055 3A       		.uleb128 0x3a
 487 0056 0B       		.uleb128 0xb
 488 0057 3B       		.uleb128 0x3b
 489 0058 0B       		.uleb128 0xb
 490 0059 49       		.uleb128 0x49
 491 005a 13       		.uleb128 0x13
 492 005b 11       		.uleb128 0x11
 493 005c 01       		.uleb128 0x1
 494 005d 12       		.uleb128 0x12
 495 005e 06       		.uleb128 0x6
 496 005f 40       		.uleb128 0x40
 497 0060 18       		.uleb128 0x18
 498 0061 9642     		.uleb128 0x2116
 499 0063 19       		.uleb128 0x19
 500 0064 00       		.byte	0
 501 0065 00       		.byte	0
 502 0066 08       		.uleb128 0x8
 503 0067 34       		.uleb128 0x34
 504 0068 00       		.byte	0
 505 0069 03       		.uleb128 0x3
 506 006a 0E       		.uleb128 0xe
 507 006b 3A       		.uleb128 0x3a
 508 006c 0B       		.uleb128 0xb
 509 006d 3B       		.uleb128 0x3b
 510 006e 0B       		.uleb128 0xb
 511 006f 49       		.uleb128 0x49
 512 0070 13       		.uleb128 0x13
 513 0071 3F       		.uleb128 0x3f
 514 0072 19       		.uleb128 0x19
 515 0073 02       		.uleb128 0x2
 516 0074 18       		.uleb128 0x18
 517 0075 00       		.byte	0
 518 0076 00       		.byte	0
 519 0077 00       		.byte	0
 520              		.section	.debug_aranges,"",%progbits
 521 0000 1C000000 		.4byte	0x1c
 522 0004 0200     		.2byte	0x2
 523 0006 00000000 		.4byte	.Ldebug_info0
 524 000a 04       		.byte	0x4
 525 000b 00       		.byte	0
 526 000c 0000     		.2byte	0
 527 000e 0000     		.2byte	0
 528 0010 00000000 		.4byte	.LFB36
 529 0014 2C000000 		.4byte	.LFE36-.LFB36
 530 0018 00000000 		.4byte	0
 531 001c 00000000 		.4byte	0
 532              		.section	.debug_ranges,"",%progbits
 533              	.Ldebug_ranges0:
 534 0000 00000000 		.4byte	.LFB36
 535 0004 2C000000 		.4byte	.LFE36
 536 0008 00000000 		.4byte	0
 537 000c 00000000 		.4byte	0
 538              		.section	.debug_line,"",%progbits
ARM GAS  C:\Users\crazy\AppData\Local\Temp\ccnZnQqX.s 			page 11


 539              	.Ldebug_line0:
 540 0000 7F000000 		.section	.debug_str,"MS",%progbits,1
 540      02005C00 
 540      00000201 
 540      FB0E0D00 
 540      01010101 
 541              	.LASF23:
 542 0000 4359424C 		.ascii	"CYBLE_EVT_GAP_PASSKEY_ENTRY_REQUEST\000"
 542      455F4556 
 542      545F4741 
 542      505F5041 
 542      53534B45 
 543              	.LASF58:
 544 0024 4359424C 		.ascii	"CYBLE_EVT_GATTC_WRITE_RSP\000"
 544      455F4556 
 544      545F4741 
 544      5454435F 
 544      57524954 
 545              	.LASF20:
 546 003e 4359424C 		.ascii	"CYBLE_EVT_MEMORY_REQUEST\000"
 546      455F4556 
 546      545F4D45 
 546      4D4F5259 
 546      5F524551 
 547              	.LASF45:
 548 0057 4359424C 		.ascii	"CYBLE_EVT_GATTC_ERROR_RSP\000"
 548      455F4556 
 548      545F4741 
 548      5454435F 
 548      4552524F 
 549              	.LASF91:
 550 0071 64657669 		.ascii	"deviceConnected\000"
 550      6365436F 
 550      6E6E6563 
 550      74656400 
 551              	.LASF35:
 552 0081 4359424C 		.ascii	"CYBLE_EVT_GAP_KEYPRESS_NOTIFICATION\000"
 552      455F4556 
 552      545F4741 
 552      505F4B45 
 552      59505245 
 553              	.LASF2:
 554 00a5 73686F72 		.ascii	"short int\000"
 554      7420696E 
 554      7400
 555              	.LASF26:
 556 00af 4359424C 		.ascii	"CYBLE_EVT_GAP_AUTH_FAILED\000"
 556      455F4556 
 556      545F4741 
 556      505F4155 
 556      54485F46 
 557              	.LASF47:
 558 00c9 4359424C 		.ascii	"CYBLE_EVT_GATT_DISCONNECT_IND\000"
 558      455F4556 
 558      545F4741 
 558      54545F44 
 558      4953434F 
ARM GAS  C:\Users\crazy\AppData\Local\Temp\ccnZnQqX.s 			page 12


 559              	.LASF13:
 560 00e7 73697A65 		.ascii	"sizetype\000"
 560      74797065 
 560      00
 561              	.LASF37:
 562 00f0 4359424C 		.ascii	"CYBLE_EVT_GAP_DATA_LENGTH_CHANGE\000"
 562      455F4556 
 562      545F4741 
 562      505F4441 
 562      54415F4C 
 563              	.LASF90:
 564 0111 6D61696E 		.ascii	"main\000"
 564      00
 565              	.LASF18:
 566 0116 4359424C 		.ascii	"CYBLE_EVT_HCI_STATUS\000"
 566      455F4556 
 566      545F4843 
 566      495F5354 
 566      41545553 
 567              	.LASF51:
 568 012b 4359424C 		.ascii	"CYBLE_EVT_GATTC_READ_BY_TYPE_RSP\000"
 568      455F4556 
 568      545F4741 
 568      5454435F 
 568      52454144 
 569              	.LASF81:
 570 014c 4359424C 		.ascii	"CYBLE_EVT_PENDING_FLASH_WRITE\000"
 570      455F4556 
 570      545F5045 
 570      4E44494E 
 570      475F464C 
 571              	.LASF15:
 572 016a 4359424C 		.ascii	"CYBLE_EVT_STACK_ON\000"
 572      455F4556 
 572      545F5354 
 572      41434B5F 
 572      4F4E00
 573              	.LASF44:
 574 017d 4359424C 		.ascii	"CYBLE_EVT_GAP_SMP_LOC_P256_KEYS_GEN_AND_SET_COMPLET"
 574      455F4556 
 574      545F4741 
 574      505F534D 
 574      505F4C4F 
 575 01b0 4500     		.ascii	"E\000"
 576              	.LASF48:
 577 01b2 4359424C 		.ascii	"CYBLE_EVT_GATTS_XCNHG_MTU_REQ\000"
 577      455F4556 
 577      545F4741 
 577      5454535F 
 577      58434E48 
 578              	.LASF33:
 579 01d0 4359424C 		.ascii	"CYBLE_EVT_GAP_KEYINFO_EXCHNGE_CMPLT\000"
 579      455F4556 
 579      545F4741 
 579      505F4B45 
 579      59494E46 
 580              	.LASF56:
ARM GAS  C:\Users\crazy\AppData\Local\Temp\ccnZnQqX.s 			page 13


 581 01f4 4359424C 		.ascii	"CYBLE_EVT_GATTC_READ_MULTI_RSP\000"
 581      455F4556 
 581      545F4741 
 581      5454435F 
 581      52454144 
 582              	.LASF65:
 583 0213 4359424C 		.ascii	"CYBLE_EVT_GATTS_HANDLE_VALUE_CNF\000"
 583      455F4556 
 583      545F4741 
 583      5454535F 
 583      48414E44 
 584              	.LASF14:
 585 0234 4359424C 		.ascii	"CYBLE_EVT_HOST_INVALID\000"
 585      455F4556 
 585      545F484F 
 585      53545F49 
 585      4E56414C 
 586              	.LASF73:
 587 024b 4359424C 		.ascii	"CYBLE_EVT_L2CAP_CBFC_CONN_IND\000"
 587      455F4556 
 587      545F4C32 
 587      4341505F 
 587      43424643 
 588              	.LASF76:
 589 0269 4359424C 		.ascii	"CYBLE_EVT_L2CAP_CBFC_DISCONN_CNF\000"
 589      455F4556 
 589      545F4C32 
 589      4341505F 
 589      43424643 
 590              	.LASF9:
 591 028a 666C6F61 		.ascii	"float\000"
 591      7400
 592              	.LASF54:
 593 0290 4359424C 		.ascii	"CYBLE_EVT_GATTC_READ_RSP\000"
 593      455F4556 
 593      545F4741 
 593      5454435F 
 593      52454144 
 594              	.LASF34:
 595 02a9 4359424C 		.ascii	"CYBLE_EVT_GAP_NUMERIC_COMPARISON_REQUEST\000"
 595      455F4556 
 595      545F4741 
 595      505F4E55 
 595      4D455249 
 596              	.LASF39:
 597 02d2 4359424C 		.ascii	"CYBLE_EVT_GAPC_DIRECT_ADV_REPORT\000"
 597      455F4556 
 597      545F4741 
 597      50435F44 
 597      49524543 
 598              	.LASF7:
 599 02f3 6C6F6E67 		.ascii	"long long unsigned int\000"
 599      206C6F6E 
 599      6720756E 
 599      7369676E 
 599      65642069 
 600              	.LASF43:
ARM GAS  C:\Users\crazy\AppData\Local\Temp\ccnZnQqX.s 			page 14


 601 030a 4359424C 		.ascii	"CYBLE_EVT_GAP_AUTH_REQ_REPLY_ERR\000"
 601      455F4556 
 601      545F4741 
 601      505F4155 
 601      54485F52 
 602              	.LASF4:
 603 032b 6C6F6E67 		.ascii	"long int\000"
 603      20696E74 
 603      00
 604              	.LASF64:
 605 0334 4359424C 		.ascii	"CYBLE_EVT_GATTC_HANDLE_VALUE_IND\000"
 605      455F4556 
 605      545F4741 
 605      5454435F 
 605      48414E44 
 606              	.LASF28:
 607 0355 4359424C 		.ascii	"CYBLE_EVT_GAP_DEVICE_CONNECTED\000"
 607      455F4556 
 607      545F4741 
 607      505F4445 
 607      56494345 
 608              	.LASF27:
 609 0374 4359424C 		.ascii	"CYBLE_EVT_GAPP_ADVERTISEMENT_START_STOP\000"
 609      455F4556 
 609      545F4741 
 609      50505F41 
 609      44564552 
 610              	.LASF63:
 611 039c 4359424C 		.ascii	"CYBLE_EVT_GATTC_HANDLE_VALUE_NTF\000"
 611      455F4556 
 611      545F4741 
 611      5454435F 
 611      48414E44 
 612              	.LASF19:
 613 03bd 4359424C 		.ascii	"CYBLE_EVT_STACK_BUSY_STATUS\000"
 613      455F4556 
 613      545F5354 
 613      41434B5F 
 613      42555359 
 614              	.LASF24:
 615 03d9 4359424C 		.ascii	"CYBLE_EVT_GAP_PASSKEY_DISPLAY_REQUEST\000"
 615      455F4556 
 615      545F4741 
 615      505F5041 
 615      53534B45 
 616              	.LASF86:
 617 03ff 474E5520 		.ascii	"GNU C11 5.4.1 20160609 (release) [ARM/embedded-5-br"
 617      43313120 
 617      352E342E 
 617      31203230 
 617      31363036 
 618 0432 616E6368 		.ascii	"anch revision 237715] -mcpu=cortex-m0 -mthumb -g -O"
 618      20726576 
 618      6973696F 
 618      6E203233 
 618      37373135 
 619 0465 30202D66 		.ascii	"0 -ffunction-sections -ffat-lto-objects\000"
ARM GAS  C:\Users\crazy\AppData\Local\Temp\ccnZnQqX.s 			page 15


 619      66756E63 
 619      74696F6E 
 619      2D736563 
 619      74696F6E 
 620              	.LASF74:
 621 048d 4359424C 		.ascii	"CYBLE_EVT_L2CAP_CBFC_CONN_CNF\000"
 621      455F4556 
 621      545F4C32 
 621      4341505F 
 621      43424643 
 622              	.LASF38:
 623 04ab 4359424C 		.ascii	"CYBLE_EVT_GAP_ENHANCE_CONN_COMPLETE\000"
 623      455F4556 
 623      545F4741 
 623      505F454E 
 623      48414E43 
 624              	.LASF12:
 625 04cf 6C6F6E67 		.ascii	"long double\000"
 625      20646F75 
 625      626C6500 
 626              	.LASF88:
 627 04db 443A5C44 		.ascii	"D:\\Dropbox (School)\\Manhattan\\Embedded Systems\\"
 627      726F7062 
 627      6F782028 
 627      5363686F 
 627      6F6C295C 
 628 050a 50726F6A 		.ascii	"Project\\CySmartDisplay\\CySmartDisplay.cydsn\000"
 628      6563745C 
 628      4379536D 
 628      61727444 
 628      6973706C 
 629              	.LASF1:
 630 0536 756E7369 		.ascii	"unsigned char\000"
 630      676E6564 
 630      20636861 
 630      7200
 631              	.LASF60:
 632 0544 4359424C 		.ascii	"CYBLE_EVT_GATTS_PREP_WRITE_REQ\000"
 632      455F4556 
 632      545F4741 
 632      5454535F 
 632      50524550 
 633              	.LASF82:
 634 0563 4359424C 		.ascii	"CYBLE_EVT_LE_PING_AUTH_TIMEOUT\000"
 634      455F4556 
 634      545F4C45 
 634      5F50494E 
 634      475F4155 
 635              	.LASF52:
 636 0582 4359424C 		.ascii	"CYBLE_EVT_GATTC_FIND_INFO_RSP\000"
 636      455F4556 
 636      545F4741 
 636      5454435F 
 636      46494E44 
 637              	.LASF0:
 638 05a0 7369676E 		.ascii	"signed char\000"
 638      65642063 
ARM GAS  C:\Users\crazy\AppData\Local\Temp\ccnZnQqX.s 			page 16


 638      68617200 
 639              	.LASF57:
 640 05ac 4359424C 		.ascii	"CYBLE_EVT_GATTS_WRITE_REQ\000"
 640      455F4556 
 640      545F4741 
 640      5454535F 
 640      57524954 
 641              	.LASF53:
 642 05c6 4359424C 		.ascii	"CYBLE_EVT_GATTC_FIND_BY_TYPE_VALUE_RSP\000"
 642      455F4556 
 642      545F4741 
 642      5454435F 
 642      46494E44 
 643              	.LASF25:
 644 05ed 4359424C 		.ascii	"CYBLE_EVT_GAP_AUTH_COMPLETE\000"
 644      455F4556 
 644      545F4741 
 644      505F4155 
 644      54485F43 
 645              	.LASF8:
 646 0609 756E7369 		.ascii	"unsigned int\000"
 646      676E6564 
 646      20696E74 
 646      00
 647              	.LASF46:
 648 0616 4359424C 		.ascii	"CYBLE_EVT_GATT_CONNECT_IND\000"
 648      455F4556 
 648      545F4741 
 648      54545F43 
 648      4F4E4E45 
 649              	.LASF5:
 650 0631 6C6F6E67 		.ascii	"long unsigned int\000"
 650      20756E73 
 650      69676E65 
 650      6420696E 
 650      7400
 651              	.LASF22:
 652 0643 4359424C 		.ascii	"CYBLE_EVT_GAP_AUTH_REQ\000"
 652      455F4556 
 652      545F4741 
 652      505F4155 
 652      54485F52 
 653              	.LASF75:
 654 065a 4359424C 		.ascii	"CYBLE_EVT_L2CAP_CBFC_DISCONN_IND\000"
 654      455F4556 
 654      545F4C32 
 654      4341505F 
 654      43424643 
 655              	.LASF30:
 656 067b 4359424C 		.ascii	"CYBLE_EVT_GAP_ENCRYPT_CHANGE\000"
 656      455F4556 
 656      545F4741 
 656      505F454E 
 656      43525950 
 657              	.LASF41:
 658 0698 4359424C 		.ascii	"CYBLE_EVT_GAP_CONN_ESTB\000"
 658      455F4556 
ARM GAS  C:\Users\crazy\AppData\Local\Temp\ccnZnQqX.s 			page 17


 658      545F4741 
 658      505F434F 
 658      4E4E5F45 
 659              	.LASF69:
 660 06b0 4359424C 		.ascii	"CYBLE_EVT_GATTC_LONG_PROCEDURE_END\000"
 660      455F4556 
 660      545F4741 
 660      5454435F 
 660      4C4F4E47 
 661              	.LASF3:
 662 06d3 73686F72 		.ascii	"short unsigned int\000"
 662      7420756E 
 662      7369676E 
 662      65642069 
 662      6E7400
 663              	.LASF84:
 664 06e6 4359424C 		.ascii	"CYBLE_EVT_FLASH_CORRUPT\000"
 664      455F4556 
 664      545F464C 
 664      4153485F 
 664      434F5252 
 665              	.LASF31:
 666 06fe 4359424C 		.ascii	"CYBLE_EVT_GAP_CONNECTION_UPDATE_COMPLETE\000"
 666      455F4556 
 666      545F4741 
 666      505F434F 
 666      4E4E4543 
 667              	.LASF40:
 668 0727 4359424C 		.ascii	"CYBLE_EVT_GAP_SMP_NEGOTIATED_AUTH_INFO\000"
 668      455F4556 
 668      545F4741 
 668      505F534D 
 668      505F4E45 
 669              	.LASF70:
 670 074e 4359424C 		.ascii	"CYBLE_EVT_L2CAP_CONN_PARAM_UPDATE_REQ\000"
 670      455F4556 
 670      545F4C32 
 670      4341505F 
 670      434F4E4E 
 671              	.LASF11:
 672 0774 63686172 		.ascii	"char\000"
 672      00
 673              	.LASF72:
 674 0779 4359424C 		.ascii	"CYBLE_EVT_L2CAP_COMMAND_REJ\000"
 674      455F4556 
 674      545F4C32 
 674      4341505F 
 674      434F4D4D 
 675              	.LASF89:
 676 0795 75696E74 		.ascii	"uint8\000"
 676      3800
 677              	.LASF55:
 678 079b 4359424C 		.ascii	"CYBLE_EVT_GATTC_READ_BLOB_RSP\000"
 678      455F4556 
 678      545F4741 
 678      5454435F 
 678      52454144 
ARM GAS  C:\Users\crazy\AppData\Local\Temp\ccnZnQqX.s 			page 18


 679              	.LASF62:
 680 07b9 4359424C 		.ascii	"CYBLE_EVT_GATTC_EXEC_WRITE_RSP\000"
 680      455F4556 
 680      545F4741 
 680      5454435F 
 680      45584543 
 681              	.LASF32:
 682 07d8 4359424C 		.ascii	"CYBLE_EVT_GAPC_SCAN_START_STOP\000"
 682      455F4556 
 682      545F4741 
 682      50435F53 
 682      43414E5F 
 683              	.LASF87:
 684 07f7 6D61696E 		.ascii	"main.c\000"
 684      2E6300
 685              	.LASF78:
 686 07fe 4359424C 		.ascii	"CYBLE_EVT_L2CAP_CBFC_RX_CREDIT_IND\000"
 686      455F4556 
 686      545F4C32 
 686      4341505F 
 686      43424643 
 687              	.LASF10:
 688 0821 646F7562 		.ascii	"double\000"
 688      6C6500
 689              	.LASF79:
 690 0828 4359424C 		.ascii	"CYBLE_EVT_L2CAP_CBFC_TX_CREDIT_IND\000"
 690      455F4556 
 690      545F4C32 
 690      4341505F 
 690      43424643 
 691              	.LASF42:
 692 084b 4359424C 		.ascii	"CYBLE_EVT_GAP_SCAN_REQ_RECVD\000"
 692      455F4556 
 692      545F4741 
 692      505F5343 
 692      414E5F52 
 693              	.LASF6:
 694 0868 6C6F6E67 		.ascii	"long long int\000"
 694      206C6F6E 
 694      6720696E 
 694      7400
 695              	.LASF17:
 696 0876 4359424C 		.ascii	"CYBLE_EVT_HARDWARE_ERROR\000"
 696      455F4556 
 696      545F4841 
 696      52445741 
 696      52455F45 
 697              	.LASF77:
 698 088f 4359424C 		.ascii	"CYBLE_EVT_L2CAP_CBFC_DATA_READ\000"
 698      455F4556 
 698      545F4C32 
 698      4341505F 
 698      43424643 
 699              	.LASF71:
 700 08ae 4359424C 		.ascii	"CYBLE_EVT_L2CAP_CONN_PARAM_UPDATE_RSP\000"
 700      455F4556 
 700      545F4C32 
ARM GAS  C:\Users\crazy\AppData\Local\Temp\ccnZnQqX.s 			page 19


 700      4341505F 
 700      434F4E4E 
 701              	.LASF21:
 702 08d4 4359424C 		.ascii	"CYBLE_EVT_GAPC_SCAN_PROGRESS_RESULT\000"
 702      455F4556 
 702      545F4741 
 702      50435F53 
 702      43414E5F 
 703              	.LASF50:
 704 08f8 4359424C 		.ascii	"CYBLE_EVT_GATTC_READ_BY_GROUP_TYPE_RSP\000"
 704      455F4556 
 704      545F4741 
 704      5454435F 
 704      52454144 
 705              	.LASF59:
 706 091f 4359424C 		.ascii	"CYBLE_EVT_GATTS_WRITE_CMD_REQ\000"
 706      455F4556 
 706      545F4741 
 706      5454535F 
 706      57524954 
 707              	.LASF49:
 708 093d 4359424C 		.ascii	"CYBLE_EVT_GATTC_XCHNG_MTU_RSP\000"
 708      455F4556 
 708      545F4741 
 708      5454435F 
 708      5843484E 
 709              	.LASF80:
 710 095b 4359424C 		.ascii	"CYBLE_EVT_L2CAP_CBFC_DATA_WRITE_IND\000"
 710      455F4556 
 710      545F4C32 
 710      4341505F 
 710      43424643 
 711              	.LASF16:
 712 097f 4359424C 		.ascii	"CYBLE_EVT_TIMEOUT\000"
 712      455F4556 
 712      545F5449 
 712      4D454F55 
 712      5400
 713              	.LASF85:
 714 0991 4359424C 		.ascii	"CYBLE_EVT_MAX\000"
 714      455F4556 
 714      545F4D41 
 714      5800
 715              	.LASF68:
 716 099f 4359424C 		.ascii	"CYBLE_EVT_GATTS_READ_CHAR_VAL_ACCESS_REQ\000"
 716      455F4556 
 716      545F4741 
 716      5454535F 
 716      52454144 
 717              	.LASF67:
 718 09c8 4359424C 		.ascii	"CYBLE_EVT_GATTC_STOP_CMD_COMPLETE\000"
 718      455F4556 
 718      545F4741 
 718      5454435F 
 718      53544F50 
 719              	.LASF61:
 720 09ea 4359424C 		.ascii	"CYBLE_EVT_GATTS_EXEC_WRITE_REQ\000"
ARM GAS  C:\Users\crazy\AppData\Local\Temp\ccnZnQqX.s 			page 20


 720      455F4556 
 720      545F4741 
 720      5454535F 
 720      45584543 
 721              	.LASF29:
 722 0a09 4359424C 		.ascii	"CYBLE_EVT_GAP_DEVICE_DISCONNECTED\000"
 722      455F4556 
 722      545F4741 
 722      505F4445 
 722      56494345 
 723              	.LASF66:
 724 0a2b 4359424C 		.ascii	"CYBLE_EVT_GATTS_DATA_SIGNED_CMD_REQ\000"
 724      455F4556 
 724      545F4741 
 724      5454535F 
 724      44415441 
 725              	.LASF83:
 726 0a4f 4359424C 		.ascii	"CYBLE_EVT_HCI_PKT\000"
 726      455F4556 
 726      545F4843 
 726      495F504B 
 726      5400
 727              	.LASF36:
 728 0a61 4359424C 		.ascii	"CYBLE_EVT_GAP_OOB_GENERATED_NOTIFICATION\000"
 728      455F4556 
 728      545F4741 
 728      505F4F4F 
 728      425F4745 
 729              		.ident	"GCC: (GNU Tools for ARM Embedded Processors) 5.4.1 20160609 (release) [ARM/embedded-5-bran
